24-Oct-2024 10:53:10.157 INFO [main] org.apache.catalina.startup.VersionLoggerListener.log 서버 버전 이름:    Apache Tomcat/10.1.31
24-Oct-2024 10:53:10.160 INFO [main] org.apache.catalina.startup.VersionLoggerListener.log Server 빌드 시각:  Oct 3 2024 19:02:38 UTC
24-Oct-2024 10:53:10.161 INFO [main] org.apache.catalina.startup.VersionLoggerListener.log Server 버전 번호:  10.1.31.0
24-Oct-2024 10:53:10.161 INFO [main] org.apache.catalina.startup.VersionLoggerListener.log 운영체제 이름:     Windows 10
24-Oct-2024 10:53:10.161 INFO [main] org.apache.catalina.startup.VersionLoggerListener.log 운영체제 버전:     10.0
24-Oct-2024 10:53:10.161 INFO [main] org.apache.catalina.startup.VersionLoggerListener.log 아키텍처:          amd64
24-Oct-2024 10:53:10.161 INFO [main] org.apache.catalina.startup.VersionLoggerListener.log 자바 홈:           C:\Program Files\Java\jdk-17
24-Oct-2024 10:53:10.161 INFO [main] org.apache.catalina.startup.VersionLoggerListener.log JVM 버전:          17.0.12+8-LTS-286
24-Oct-2024 10:53:10.161 INFO [main] org.apache.catalina.startup.VersionLoggerListener.log JVM 벤더:          Oracle Corporation
24-Oct-2024 10:53:10.161 INFO [main] org.apache.catalina.startup.VersionLoggerListener.log CATALINA_BASE:     D:\fintech_김시원\이용교 강사님\5. JSP 기초\day02\src\main
24-Oct-2024 10:53:10.161 INFO [main] org.apache.catalina.startup.VersionLoggerListener.log CATALINA_HOME:     D:\fintech_김시원\Util\apache-tomcat-10.1.31
24-Oct-2024 10:53:10.170 INFO [main] org.apache.catalina.startup.VersionLoggerListener.log 명령 행 아규먼트:  --add-opens=java.base/java.lang=ALL-UNNAMED
24-Oct-2024 10:53:10.170 INFO [main] org.apache.catalina.startup.VersionLoggerListener.log 명령 행 아규먼트:  --add-opens=java.base/java.io=ALL-UNNAMED
24-Oct-2024 10:53:10.170 INFO [main] org.apache.catalina.startup.VersionLoggerListener.log 명령 행 아규먼트:  --add-opens=java.base/java.util=ALL-UNNAMED
24-Oct-2024 10:53:10.170 INFO [main] org.apache.catalina.startup.VersionLoggerListener.log 명령 행 아규먼트:  --add-opens=java.base/java.util.concurrent=ALL-UNNAMED
24-Oct-2024 10:53:10.170 INFO [main] org.apache.catalina.startup.VersionLoggerListener.log 명령 행 아규먼트:  --add-opens=java.rmi/sun.rmi.transport=ALL-UNNAMED
24-Oct-2024 10:53:10.170 INFO [main] org.apache.catalina.startup.VersionLoggerListener.log 명령 행 아규먼트:  -Dcatalina.home=D:\fintech_김시원\Util\apache-tomcat-10.1.31
24-Oct-2024 10:53:10.170 INFO [main] org.apache.catalina.startup.VersionLoggerListener.log 명령 행 아규먼트:  -Dcatalina.base=D:\fintech_김시원\이용교 강사님\5. JSP 기초\day02\src\main
24-Oct-2024 10:53:10.171 INFO [main] org.apache.catalina.startup.VersionLoggerListener.log 명령 행 아규먼트:  -Djava.io.tmpdir=D:\fintech_김시원\이용교 강사님\5. JSP 기초\day02\src\main\temp
24-Oct-2024 10:53:10.171 INFO [main] org.apache.catalina.startup.VersionLoggerListener.log 명령 행 아규먼트:  -Djava.util.logging.config.file=D:\fintech_김시원\이용교 강사님\5. JSP 기초\day02\src\main\conf\logging.properties
24-Oct-2024 10:53:10.171 INFO [main] org.apache.catalina.startup.VersionLoggerListener.log 명령 행 아규먼트:  -Djava.util.logging.manager=org.apache.juli.ClassLoaderLogManager
24-Oct-2024 10:53:10.171 INFO [main] org.apache.catalina.startup.VersionLoggerListener.log 명령 행 아규먼트:  -javaagent:C:\Program Files\JetBrains\IntelliJ IDEA Community Edition 2024.2.3\lib\idea_rt.jar=58782:C:\Program Files\JetBrains\IntelliJ IDEA Community Edition 2024.2.3\bin
24-Oct-2024 10:53:10.171 INFO [main] org.apache.catalina.startup.VersionLoggerListener.log 명령 행 아규먼트:  -Dfile.encoding=UTF-8
24-Oct-2024 10:53:10.179 INFO [main] org.apache.catalina.core.AprLifecycleListener.lifecycleEvent 프로덕션 환경들에서 최적의 성능을 제공하는, APR 기반 Apache Tomcat Native 라이브러리가, 다음 java.library.path에서 발견되지 않습니다: [C:\Program Files\Java\jdk-17\bin;C:\Windows\Sun\Java\bin;C:\Windows\system32;C:\Windows;C:\Program Files\Common Files\Oracle\Java\javapath;C:\Windows\system32;C:\Windows;C:\Windows\System32\Wbem;C:\Windows\System32\WindowsPowerShell\v1.0\;C:\Windows\System32\OpenSSH\;C:\Program Files (x86)\NVIDIA Corporation\PhysX\Common;C:\Program Files\Bandizip\;C:\Program Files (x86)\Windows Kits\10\Windows Performance Toolkit\;C:\Program Files\nodejs\;C:\Program Files\Git\cmd;C:\Program Files\Docker\Docker\resources\bin;D:\fintech_김시원\Util\gradle-8.10.2\bin;C:\Users\admin\AppData\Local\Programs\Python\Launcher\;C:\Users\admin\AppData\Local\Microsoft\WindowsApps;C:\Users\admin\AppData\Local\Programs\Microsoft VS Code\bin;C:\Program Files\JetBrains\PyCharm 2024.2\bin;;C:\Program Files\JetBrains\PyCharm Community Edition 2024.2\bin;;C:\Program Files\JetBrains\IntelliJ IDEA Community Edition 2024.2.0.1\bin;;C:\Users\admin\AppData\Roaming\npm;C:\Users\admin\AppData\Local\GitHubDesktop\bin;.]
24-Oct-2024 10:53:10.336 INFO [main] org.apache.coyote.AbstractProtocol.init 프로토콜 핸들러 ["http-nio-3000"]을(를) 초기화합니다.
24-Oct-2024 10:53:10.353 INFO [main] org.apache.catalina.startup.Catalina.load [374] 밀리초 내에 서버가 초기화되었습니다.
24-Oct-2024 10:53:10.414 INFO [main] org.apache.catalina.core.StandardService.startInternal 서비스 [Catalina]을(를) 시작합니다.
24-Oct-2024 10:53:10.414 INFO [main] org.apache.catalina.core.StandardEngine.startInternal 서버 엔진을 시작합니다: [Apache Tomcat/10.1.31]
24-Oct-2024 10:53:10.428 INFO [main] org.apache.catalina.startup.HostConfig.deployDescriptor 배치 descriptor [D:\fintech_김시원\이용교 강사님\5. JSP 기초\day02\src\main\conf\Catalina\localhost\day02.xml]을(를) 배치합니다.
24-Oct-2024 10:53:10.810 INFO [main] org.apache.catalina.startup.HostConfig.deployDescriptor 배치 descriptor [D:\fintech_김시원\이용교 강사님\5. JSP 기초\day02\src\main\conf\Catalina\localhost\day02.xml]의 배치가 [378] 밀리초 내에 완료되었습니다.
24-Oct-2024 10:53:10.819 INFO [main] org.apache.coyote.AbstractProtocol.start 프로토콜 핸들러 ["http-nio-3000"]을(를) 시작합니다.
24-Oct-2024 10:53:10.855 INFO [main] org.apache.catalina.startup.Catalina.start 서버가 [502] 밀리초 내에 시작되었습니다.
24-Oct-2024 10:53:16.182 INFO [Thread-1] org.apache.coyote.AbstractProtocol.pause 프로토콜 핸들러 ["http-nio-3000"]을(를) 일시 정지 중
24-Oct-2024 10:53:16.217 INFO [Thread-1] org.apache.catalina.core.StandardService.stopInternal 서비스 [Catalina]을(를) 중지시킵니다.
24-Oct-2024 10:53:16.225 INFO [Thread-1] org.apache.coyote.AbstractProtocol.stop 프로토콜 핸들러 ["http-nio-3000"]을(를) 중지시킵니다.
24-Oct-2024 10:53:16.228 INFO [Thread-1] org.apache.coyote.AbstractProtocol.destroy 프로토콜 핸들러 ["http-nio-3000"]을(를) 소멸시킵니다.
24-Oct-2024 10:53:18.552 INFO [main] org.apache.catalina.startup.VersionLoggerListener.log 서버 버전 이름:    Apache Tomcat/10.1.31
24-Oct-2024 10:53:18.555 INFO [main] org.apache.catalina.startup.VersionLoggerListener.log Server 빌드 시각:  Oct 3 2024 19:02:38 UTC
24-Oct-2024 10:53:18.555 INFO [main] org.apache.catalina.startup.VersionLoggerListener.log Server 버전 번호:  10.1.31.0
24-Oct-2024 10:53:18.555 INFO [main] org.apache.catalina.startup.VersionLoggerListener.log 운영체제 이름:     Windows 10
24-Oct-2024 10:53:18.555 INFO [main] org.apache.catalina.startup.VersionLoggerListener.log 운영체제 버전:     10.0
24-Oct-2024 10:53:18.555 INFO [main] org.apache.catalina.startup.VersionLoggerListener.log 아키텍처:          amd64
24-Oct-2024 10:53:18.555 INFO [main] org.apache.catalina.startup.VersionLoggerListener.log 자바 홈:           C:\Program Files\Java\jdk-17
24-Oct-2024 10:53:18.556 INFO [main] org.apache.catalina.startup.VersionLoggerListener.log JVM 버전:          17.0.12+8-LTS-286
24-Oct-2024 10:53:18.556 INFO [main] org.apache.catalina.startup.VersionLoggerListener.log JVM 벤더:          Oracle Corporation
24-Oct-2024 10:53:18.556 INFO [main] org.apache.catalina.startup.VersionLoggerListener.log CATALINA_BASE:     D:\fintech_김시원\이용교 강사님\5. JSP 기초\day02\src\main
24-Oct-2024 10:53:18.556 INFO [main] org.apache.catalina.startup.VersionLoggerListener.log CATALINA_HOME:     D:\fintech_김시원\Util\apache-tomcat-10.1.31
24-Oct-2024 10:53:18.562 INFO [main] org.apache.catalina.startup.VersionLoggerListener.log 명령 행 아규먼트:  --add-opens=java.base/java.lang=ALL-UNNAMED
24-Oct-2024 10:53:18.562 INFO [main] org.apache.catalina.startup.VersionLoggerListener.log 명령 행 아규먼트:  --add-opens=java.base/java.io=ALL-UNNAMED
24-Oct-2024 10:53:18.563 INFO [main] org.apache.catalina.startup.VersionLoggerListener.log 명령 행 아규먼트:  --add-opens=java.base/java.util=ALL-UNNAMED
24-Oct-2024 10:53:18.563 INFO [main] org.apache.catalina.startup.VersionLoggerListener.log 명령 행 아규먼트:  --add-opens=java.base/java.util.concurrent=ALL-UNNAMED
24-Oct-2024 10:53:18.563 INFO [main] org.apache.catalina.startup.VersionLoggerListener.log 명령 행 아규먼트:  --add-opens=java.rmi/sun.rmi.transport=ALL-UNNAMED
24-Oct-2024 10:53:18.563 INFO [main] org.apache.catalina.startup.VersionLoggerListener.log 명령 행 아규먼트:  -Dcatalina.home=D:\fintech_김시원\Util\apache-tomcat-10.1.31
24-Oct-2024 10:53:18.563 INFO [main] org.apache.catalina.startup.VersionLoggerListener.log 명령 행 아규먼트:  -Dcatalina.base=D:\fintech_김시원\이용교 강사님\5. JSP 기초\day02\src\main
24-Oct-2024 10:53:18.563 INFO [main] org.apache.catalina.startup.VersionLoggerListener.log 명령 행 아규먼트:  -Djava.io.tmpdir=D:\fintech_김시원\이용교 강사님\5. JSP 기초\day02\src\main\temp
24-Oct-2024 10:53:18.563 INFO [main] org.apache.catalina.startup.VersionLoggerListener.log 명령 행 아규먼트:  -Djava.util.logging.config.file=D:\fintech_김시원\이용교 강사님\5. JSP 기초\day02\src\main\conf\logging.properties
24-Oct-2024 10:53:18.563 INFO [main] org.apache.catalina.startup.VersionLoggerListener.log 명령 행 아규먼트:  -Djava.util.logging.manager=org.apache.juli.ClassLoaderLogManager
24-Oct-2024 10:53:18.563 INFO [main] org.apache.catalina.startup.VersionLoggerListener.log 명령 행 아규먼트:  -javaagent:C:\Program Files\JetBrains\IntelliJ IDEA Community Edition 2024.2.3\lib\idea_rt.jar=58791:C:\Program Files\JetBrains\IntelliJ IDEA Community Edition 2024.2.3\bin
24-Oct-2024 10:53:18.563 INFO [main] org.apache.catalina.startup.VersionLoggerListener.log 명령 행 아규먼트:  -Dfile.encoding=UTF-8
24-Oct-2024 10:53:18.571 INFO [main] org.apache.catalina.core.AprLifecycleListener.lifecycleEvent 프로덕션 환경들에서 최적의 성능을 제공하는, APR 기반 Apache Tomcat Native 라이브러리가, 다음 java.library.path에서 발견되지 않습니다: [C:\Program Files\Java\jdk-17\bin;C:\Windows\Sun\Java\bin;C:\Windows\system32;C:\Windows;C:\Program Files\Common Files\Oracle\Java\javapath;C:\Windows\system32;C:\Windows;C:\Windows\System32\Wbem;C:\Windows\System32\WindowsPowerShell\v1.0\;C:\Windows\System32\OpenSSH\;C:\Program Files (x86)\NVIDIA Corporation\PhysX\Common;C:\Program Files\Bandizip\;C:\Program Files (x86)\Windows Kits\10\Windows Performance Toolkit\;C:\Program Files\nodejs\;C:\Program Files\Git\cmd;C:\Program Files\Docker\Docker\resources\bin;D:\fintech_김시원\Util\gradle-8.10.2\bin;C:\Users\admin\AppData\Local\Programs\Python\Launcher\;C:\Users\admin\AppData\Local\Microsoft\WindowsApps;C:\Users\admin\AppData\Local\Programs\Microsoft VS Code\bin;C:\Program Files\JetBrains\PyCharm 2024.2\bin;;C:\Program Files\JetBrains\PyCharm Community Edition 2024.2\bin;;C:\Program Files\JetBrains\IntelliJ IDEA Community Edition 2024.2.0.1\bin;;C:\Users\admin\AppData\Roaming\npm;C:\Users\admin\AppData\Local\GitHubDesktop\bin;.]
24-Oct-2024 10:53:18.711 INFO [main] org.apache.coyote.AbstractProtocol.init 프로토콜 핸들러 ["http-nio-3000"]을(를) 초기화합니다.
24-Oct-2024 10:53:18.725 INFO [main] org.apache.catalina.startup.Catalina.load [311] 밀리초 내에 서버가 초기화되었습니다.
24-Oct-2024 10:53:18.773 INFO [main] org.apache.catalina.core.StandardService.startInternal 서비스 [Catalina]을(를) 시작합니다.
24-Oct-2024 10:53:18.773 INFO [main] org.apache.catalina.core.StandardEngine.startInternal 서버 엔진을 시작합니다: [Apache Tomcat/10.1.31]
24-Oct-2024 10:53:18.785 INFO [main] org.apache.catalina.startup.HostConfig.deployDescriptor 배치 descriptor [D:\fintech_김시원\이용교 강사님\5. JSP 기초\day02\src\main\conf\Catalina\localhost\day02.xml]을(를) 배치합니다.
24-Oct-2024 10:53:19.187 INFO [main] org.apache.catalina.startup.HostConfig.deployDescriptor 배치 descriptor [D:\fintech_김시원\이용교 강사님\5. JSP 기초\day02\src\main\conf\Catalina\localhost\day02.xml]의 배치가 [400] 밀리초 내에 완료되었습니다.
24-Oct-2024 10:53:19.190 INFO [main] org.apache.coyote.AbstractProtocol.start 프로토콜 핸들러 ["http-nio-3000"]을(를) 시작합니다.
24-Oct-2024 10:53:19.233 INFO [main] org.apache.catalina.startup.Catalina.start 서버가 [508] 밀리초 내에 시작되었습니다.
24-Oct-2024 10:53:20.951 INFO [Thread-1] org.apache.coyote.AbstractProtocol.pause 프로토콜 핸들러 ["http-nio-3000"]을(를) 일시 정지 중
24-Oct-2024 10:53:20.985 INFO [Thread-1] org.apache.catalina.core.StandardService.stopInternal 서비스 [Catalina]을(를) 중지시킵니다.
24-Oct-2024 10:53:20.992 INFO [Thread-1] org.apache.coyote.AbstractProtocol.stop 프로토콜 핸들러 ["http-nio-3000"]을(를) 중지시킵니다.
24-Oct-2024 10:53:20.995 INFO [Thread-1] org.apache.coyote.AbstractProtocol.destroy 프로토콜 핸들러 ["http-nio-3000"]을(를) 소멸시킵니다.
24-Oct-2024 10:53:33.261 INFO [main] org.apache.catalina.startup.VersionLoggerListener.log 서버 버전 이름:    Apache Tomcat/10.1.31
24-Oct-2024 10:53:33.263 INFO [main] org.apache.catalina.startup.VersionLoggerListener.log Server 빌드 시각:  Oct 3 2024 19:02:38 UTC
24-Oct-2024 10:53:33.263 INFO [main] org.apache.catalina.startup.VersionLoggerListener.log Server 버전 번호:  10.1.31.0
24-Oct-2024 10:53:33.263 INFO [main] org.apache.catalina.startup.VersionLoggerListener.log 운영체제 이름:     Windows 10
24-Oct-2024 10:53:33.263 INFO [main] org.apache.catalina.startup.VersionLoggerListener.log 운영체제 버전:     10.0
24-Oct-2024 10:53:33.263 INFO [main] org.apache.catalina.startup.VersionLoggerListener.log 아키텍처:          amd64
24-Oct-2024 10:53:33.263 INFO [main] org.apache.catalina.startup.VersionLoggerListener.log 자바 홈:           C:\Program Files\Java\jdk-17
24-Oct-2024 10:53:33.263 INFO [main] org.apache.catalina.startup.VersionLoggerListener.log JVM 버전:          17.0.12+8-LTS-286
24-Oct-2024 10:53:33.263 INFO [main] org.apache.catalina.startup.VersionLoggerListener.log JVM 벤더:          Oracle Corporation
24-Oct-2024 10:53:33.263 INFO [main] org.apache.catalina.startup.VersionLoggerListener.log CATALINA_BASE:     D:\fintech_김시원\이용교 강사님\5. JSP 기초\day02\src\main
24-Oct-2024 10:53:33.263 INFO [main] org.apache.catalina.startup.VersionLoggerListener.log CATALINA_HOME:     D:\fintech_김시원\Util\apache-tomcat-10.1.31
24-Oct-2024 10:53:33.270 INFO [main] org.apache.catalina.startup.VersionLoggerListener.log 명령 행 아규먼트:  --add-opens=java.base/java.lang=ALL-UNNAMED
24-Oct-2024 10:53:33.270 INFO [main] org.apache.catalina.startup.VersionLoggerListener.log 명령 행 아규먼트:  --add-opens=java.base/java.io=ALL-UNNAMED
24-Oct-2024 10:53:33.270 INFO [main] org.apache.catalina.startup.VersionLoggerListener.log 명령 행 아규먼트:  --add-opens=java.base/java.util=ALL-UNNAMED
24-Oct-2024 10:53:33.271 INFO [main] org.apache.catalina.startup.VersionLoggerListener.log 명령 행 아규먼트:  --add-opens=java.base/java.util.concurrent=ALL-UNNAMED
24-Oct-2024 10:53:33.271 INFO [main] org.apache.catalina.startup.VersionLoggerListener.log 명령 행 아규먼트:  --add-opens=java.rmi/sun.rmi.transport=ALL-UNNAMED
24-Oct-2024 10:53:33.271 INFO [main] org.apache.catalina.startup.VersionLoggerListener.log 명령 행 아규먼트:  -Dcatalina.home=D:\fintech_김시원\Util\apache-tomcat-10.1.31
24-Oct-2024 10:53:33.271 INFO [main] org.apache.catalina.startup.VersionLoggerListener.log 명령 행 아규먼트:  -Dcatalina.base=D:\fintech_김시원\이용교 강사님\5. JSP 기초\day02\src\main
24-Oct-2024 10:53:33.271 INFO [main] org.apache.catalina.startup.VersionLoggerListener.log 명령 행 아규먼트:  -Djava.io.tmpdir=D:\fintech_김시원\이용교 강사님\5. JSP 기초\day02\src\main\temp
24-Oct-2024 10:53:33.271 INFO [main] org.apache.catalina.startup.VersionLoggerListener.log 명령 행 아규먼트:  -Djava.util.logging.config.file=D:\fintech_김시원\이용교 강사님\5. JSP 기초\day02\src\main\conf\logging.properties
24-Oct-2024 10:53:33.271 INFO [main] org.apache.catalina.startup.VersionLoggerListener.log 명령 행 아규먼트:  -Djava.util.logging.manager=org.apache.juli.ClassLoaderLogManager
24-Oct-2024 10:53:33.271 INFO [main] org.apache.catalina.startup.VersionLoggerListener.log 명령 행 아규먼트:  -javaagent:C:\Program Files\JetBrains\IntelliJ IDEA Community Edition 2024.2.3\lib\idea_rt.jar=58799:C:\Program Files\JetBrains\IntelliJ IDEA Community Edition 2024.2.3\bin
24-Oct-2024 10:53:33.272 INFO [main] org.apache.catalina.startup.VersionLoggerListener.log 명령 행 아규먼트:  -Dfile.encoding=UTF-8
24-Oct-2024 10:53:33.280 INFO [main] org.apache.catalina.core.AprLifecycleListener.lifecycleEvent 프로덕션 환경들에서 최적의 성능을 제공하는, APR 기반 Apache Tomcat Native 라이브러리가, 다음 java.library.path에서 발견되지 않습니다: [C:\Program Files\Java\jdk-17\bin;C:\Windows\Sun\Java\bin;C:\Windows\system32;C:\Windows;C:\Program Files\Common Files\Oracle\Java\javapath;C:\Windows\system32;C:\Windows;C:\Windows\System32\Wbem;C:\Windows\System32\WindowsPowerShell\v1.0\;C:\Windows\System32\OpenSSH\;C:\Program Files (x86)\NVIDIA Corporation\PhysX\Common;C:\Program Files\Bandizip\;C:\Program Files (x86)\Windows Kits\10\Windows Performance Toolkit\;C:\Program Files\nodejs\;C:\Program Files\Git\cmd;C:\Program Files\Docker\Docker\resources\bin;D:\fintech_김시원\Util\gradle-8.10.2\bin;C:\Users\admin\AppData\Local\Programs\Python\Launcher\;C:\Users\admin\AppData\Local\Microsoft\WindowsApps;C:\Users\admin\AppData\Local\Programs\Microsoft VS Code\bin;C:\Program Files\JetBrains\PyCharm 2024.2\bin;;C:\Program Files\JetBrains\PyCharm Community Edition 2024.2\bin;;C:\Program Files\JetBrains\IntelliJ IDEA Community Edition 2024.2.0.1\bin;;C:\Users\admin\AppData\Roaming\npm;C:\Users\admin\AppData\Local\GitHubDesktop\bin;.]
24-Oct-2024 10:53:33.412 INFO [main] org.apache.coyote.AbstractProtocol.init 프로토콜 핸들러 ["http-nio-3000"]을(를) 초기화합니다.
24-Oct-2024 10:53:33.425 INFO [main] org.apache.catalina.startup.Catalina.load [301] 밀리초 내에 서버가 초기화되었습니다.
24-Oct-2024 10:53:33.463 INFO [main] org.apache.catalina.core.StandardService.startInternal 서비스 [Catalina]을(를) 시작합니다.
24-Oct-2024 10:53:33.463 INFO [main] org.apache.catalina.core.StandardEngine.startInternal 서버 엔진을 시작합니다: [Apache Tomcat/10.1.31]
24-Oct-2024 10:53:33.474 INFO [main] org.apache.catalina.startup.HostConfig.deployDescriptor 배치 descriptor [D:\fintech_김시원\이용교 강사님\5. JSP 기초\day02\src\main\conf\Catalina\localhost\day02.xml]을(를) 배치합니다.
24-Oct-2024 10:53:33.789 INFO [main] org.apache.catalina.startup.HostConfig.deployDescriptor 배치 descriptor [D:\fintech_김시원\이용교 강사님\5. JSP 기초\day02\src\main\conf\Catalina\localhost\day02.xml]의 배치가 [313] 밀리초 내에 완료되었습니다.
24-Oct-2024 10:53:33.794 INFO [main] org.apache.coyote.AbstractProtocol.start 프로토콜 핸들러 ["http-nio-3000"]을(를) 시작합니다.
24-Oct-2024 10:53:33.828 INFO [main] org.apache.catalina.startup.Catalina.start 서버가 [402] 밀리초 내에 시작되었습니다.
24-Oct-2024 10:53:47.413 INFO [Thread-1] org.apache.coyote.AbstractProtocol.pause 프로토콜 핸들러 ["http-nio-3000"]을(를) 일시 정지 중
24-Oct-2024 10:53:47.449 INFO [Thread-1] org.apache.catalina.core.StandardService.stopInternal 서비스 [Catalina]을(를) 중지시킵니다.
24-Oct-2024 10:53:47.454 INFO [Thread-1] org.apache.coyote.AbstractProtocol.stop 프로토콜 핸들러 ["http-nio-3000"]을(를) 중지시킵니다.
24-Oct-2024 10:53:47.456 INFO [Thread-1] org.apache.coyote.AbstractProtocol.destroy 프로토콜 핸들러 ["http-nio-3000"]을(를) 소멸시킵니다.
24-Oct-2024 10:53:49.421 INFO [main] org.apache.catalina.startup.VersionLoggerListener.log 서버 버전 이름:    Apache Tomcat/10.1.31
24-Oct-2024 10:53:49.424 INFO [main] org.apache.catalina.startup.VersionLoggerListener.log Server 빌드 시각:  Oct 3 2024 19:02:38 UTC
24-Oct-2024 10:53:49.424 INFO [main] org.apache.catalina.startup.VersionLoggerListener.log Server 버전 번호:  10.1.31.0
24-Oct-2024 10:53:49.424 INFO [main] org.apache.catalina.startup.VersionLoggerListener.log 운영체제 이름:     Windows 10
24-Oct-2024 10:53:49.424 INFO [main] org.apache.catalina.startup.VersionLoggerListener.log 운영체제 버전:     10.0
24-Oct-2024 10:53:49.424 INFO [main] org.apache.catalina.startup.VersionLoggerListener.log 아키텍처:          amd64
24-Oct-2024 10:53:49.424 INFO [main] org.apache.catalina.startup.VersionLoggerListener.log 자바 홈:           C:\Program Files\Java\jdk-17
24-Oct-2024 10:53:49.424 INFO [main] org.apache.catalina.startup.VersionLoggerListener.log JVM 버전:          17.0.12+8-LTS-286
24-Oct-2024 10:53:49.425 INFO [main] org.apache.catalina.startup.VersionLoggerListener.log JVM 벤더:          Oracle Corporation
24-Oct-2024 10:53:49.425 INFO [main] org.apache.catalina.startup.VersionLoggerListener.log CATALINA_BASE:     D:\fintech_김시원\이용교 강사님\5. JSP 기초\day02\src\main
24-Oct-2024 10:53:49.425 INFO [main] org.apache.catalina.startup.VersionLoggerListener.log CATALINA_HOME:     D:\fintech_김시원\Util\apache-tomcat-10.1.31
24-Oct-2024 10:53:49.430 INFO [main] org.apache.catalina.startup.VersionLoggerListener.log 명령 행 아규먼트:  --add-opens=java.base/java.lang=ALL-UNNAMED
24-Oct-2024 10:53:49.430 INFO [main] org.apache.catalina.startup.VersionLoggerListener.log 명령 행 아규먼트:  --add-opens=java.base/java.io=ALL-UNNAMED
24-Oct-2024 10:53:49.430 INFO [main] org.apache.catalina.startup.VersionLoggerListener.log 명령 행 아규먼트:  --add-opens=java.base/java.util=ALL-UNNAMED
24-Oct-2024 10:53:49.430 INFO [main] org.apache.catalina.startup.VersionLoggerListener.log 명령 행 아규먼트:  --add-opens=java.base/java.util.concurrent=ALL-UNNAMED
24-Oct-2024 10:53:49.430 INFO [main] org.apache.catalina.startup.VersionLoggerListener.log 명령 행 아규먼트:  --add-opens=java.rmi/sun.rmi.transport=ALL-UNNAMED
24-Oct-2024 10:53:49.430 INFO [main] org.apache.catalina.startup.VersionLoggerListener.log 명령 행 아규먼트:  -Dcatalina.home=D:\fintech_김시원\Util\apache-tomcat-10.1.31
24-Oct-2024 10:53:49.430 INFO [main] org.apache.catalina.startup.VersionLoggerListener.log 명령 행 아규먼트:  -Dcatalina.base=D:\fintech_김시원\이용교 강사님\5. JSP 기초\day02\src\main
24-Oct-2024 10:53:49.430 INFO [main] org.apache.catalina.startup.VersionLoggerListener.log 명령 행 아규먼트:  -Djava.io.tmpdir=D:\fintech_김시원\이용교 강사님\5. JSP 기초\day02\src\main\temp
24-Oct-2024 10:53:49.430 INFO [main] org.apache.catalina.startup.VersionLoggerListener.log 명령 행 아규먼트:  -Djava.util.logging.config.file=D:\fintech_김시원\이용교 강사님\5. JSP 기초\day02\src\main\conf\logging.properties
24-Oct-2024 10:53:49.431 INFO [main] org.apache.catalina.startup.VersionLoggerListener.log 명령 행 아규먼트:  -Djava.util.logging.manager=org.apache.juli.ClassLoaderLogManager
24-Oct-2024 10:53:49.431 INFO [main] org.apache.catalina.startup.VersionLoggerListener.log 명령 행 아규먼트:  -javaagent:C:\Program Files\JetBrains\IntelliJ IDEA Community Edition 2024.2.3\lib\idea_rt.jar=58805:C:\Program Files\JetBrains\IntelliJ IDEA Community Edition 2024.2.3\bin
24-Oct-2024 10:53:49.431 INFO [main] org.apache.catalina.startup.VersionLoggerListener.log 명령 행 아규먼트:  -Dfile.encoding=UTF-8
24-Oct-2024 10:53:49.439 INFO [main] org.apache.catalina.core.AprLifecycleListener.lifecycleEvent 프로덕션 환경들에서 최적의 성능을 제공하는, APR 기반 Apache Tomcat Native 라이브러리가, 다음 java.library.path에서 발견되지 않습니다: [C:\Program Files\Java\jdk-17\bin;C:\Windows\Sun\Java\bin;C:\Windows\system32;C:\Windows;C:\Program Files\Common Files\Oracle\Java\javapath;C:\Windows\system32;C:\Windows;C:\Windows\System32\Wbem;C:\Windows\System32\WindowsPowerShell\v1.0\;C:\Windows\System32\OpenSSH\;C:\Program Files (x86)\NVIDIA Corporation\PhysX\Common;C:\Program Files\Bandizip\;C:\Program Files (x86)\Windows Kits\10\Windows Performance Toolkit\;C:\Program Files\nodejs\;C:\Program Files\Git\cmd;C:\Program Files\Docker\Docker\resources\bin;D:\fintech_김시원\Util\gradle-8.10.2\bin;C:\Users\admin\AppData\Local\Programs\Python\Launcher\;C:\Users\admin\AppData\Local\Microsoft\WindowsApps;C:\Users\admin\AppData\Local\Programs\Microsoft VS Code\bin;C:\Program Files\JetBrains\PyCharm 2024.2\bin;;C:\Program Files\JetBrains\PyCharm Community Edition 2024.2\bin;;C:\Program Files\JetBrains\IntelliJ IDEA Community Edition 2024.2.0.1\bin;;C:\Users\admin\AppData\Roaming\npm;C:\Users\admin\AppData\Local\GitHubDesktop\bin;.]
24-Oct-2024 10:53:49.576 INFO [main] org.apache.coyote.AbstractProtocol.init 프로토콜 핸들러 ["http-nio-3000"]을(를) 초기화합니다.
24-Oct-2024 10:53:49.590 INFO [main] org.apache.catalina.startup.Catalina.load [312] 밀리초 내에 서버가 초기화되었습니다.
24-Oct-2024 10:53:49.627 INFO [main] org.apache.catalina.core.StandardService.startInternal 서비스 [Catalina]을(를) 시작합니다.
24-Oct-2024 10:53:49.628 INFO [main] org.apache.catalina.core.StandardEngine.startInternal 서버 엔진을 시작합니다: [Apache Tomcat/10.1.31]
24-Oct-2024 10:53:49.641 INFO [main] org.apache.catalina.startup.HostConfig.deployDescriptor 배치 descriptor [D:\fintech_김시원\이용교 강사님\5. JSP 기초\day02\src\main\conf\Catalina\localhost\day02.xml]을(를) 배치합니다.
24-Oct-2024 10:53:49.987 INFO [main] org.apache.catalina.startup.HostConfig.deployDescriptor 배치 descriptor [D:\fintech_김시원\이용교 강사님\5. JSP 기초\day02\src\main\conf\Catalina\localhost\day02.xml]의 배치가 [345] 밀리초 내에 완료되었습니다.
24-Oct-2024 10:53:49.996 INFO [main] org.apache.coyote.AbstractProtocol.start 프로토콜 핸들러 ["http-nio-3000"]을(를) 시작합니다.
24-Oct-2024 10:53:50.030 INFO [main] org.apache.catalina.startup.Catalina.start 서버가 [440] 밀리초 내에 시작되었습니다.
24-Oct-2024 10:53:51.272 INFO [Thread-1] org.apache.coyote.AbstractProtocol.pause 프로토콜 핸들러 ["http-nio-3000"]을(를) 일시 정지 중
24-Oct-2024 10:53:51.307 INFO [Thread-1] org.apache.catalina.core.StandardService.stopInternal 서비스 [Catalina]을(를) 중지시킵니다.
24-Oct-2024 10:53:51.313 INFO [Thread-1] org.apache.coyote.AbstractProtocol.stop 프로토콜 핸들러 ["http-nio-3000"]을(를) 중지시킵니다.
24-Oct-2024 10:53:51.317 INFO [Thread-1] org.apache.coyote.AbstractProtocol.destroy 프로토콜 핸들러 ["http-nio-3000"]을(를) 소멸시킵니다.
24-Oct-2024 10:53:58.714 INFO [main] org.apache.catalina.startup.VersionLoggerListener.log 서버 버전 이름:    Apache Tomcat/10.1.31
24-Oct-2024 10:53:58.716 INFO [main] org.apache.catalina.startup.VersionLoggerListener.log Server 빌드 시각:  Oct 3 2024 19:02:38 UTC
24-Oct-2024 10:53:58.717 INFO [main] org.apache.catalina.startup.VersionLoggerListener.log Server 버전 번호:  10.1.31.0
24-Oct-2024 10:53:58.717 INFO [main] org.apache.catalina.startup.VersionLoggerListener.log 운영체제 이름:     Windows 10
24-Oct-2024 10:53:58.717 INFO [main] org.apache.catalina.startup.VersionLoggerListener.log 운영체제 버전:     10.0
24-Oct-2024 10:53:58.717 INFO [main] org.apache.catalina.startup.VersionLoggerListener.log 아키텍처:          amd64
24-Oct-2024 10:53:58.717 INFO [main] org.apache.catalina.startup.VersionLoggerListener.log 자바 홈:           C:\Program Files\Java\jdk-17
24-Oct-2024 10:53:58.717 INFO [main] org.apache.catalina.startup.VersionLoggerListener.log JVM 버전:          17.0.12+8-LTS-286
24-Oct-2024 10:53:58.717 INFO [main] org.apache.catalina.startup.VersionLoggerListener.log JVM 벤더:          Oracle Corporation
24-Oct-2024 10:53:58.717 INFO [main] org.apache.catalina.startup.VersionLoggerListener.log CATALINA_BASE:     D:\fintech_김시원\이용교 강사님\5. JSP 기초\day02\src\main
24-Oct-2024 10:53:58.717 INFO [main] org.apache.catalina.startup.VersionLoggerListener.log CATALINA_HOME:     D:\fintech_김시원\Util\apache-tomcat-10.1.31
24-Oct-2024 10:53:58.723 INFO [main] org.apache.catalina.startup.VersionLoggerListener.log 명령 행 아규먼트:  --add-opens=java.base/java.lang=ALL-UNNAMED
24-Oct-2024 10:53:58.723 INFO [main] org.apache.catalina.startup.VersionLoggerListener.log 명령 행 아규먼트:  --add-opens=java.base/java.io=ALL-UNNAMED
24-Oct-2024 10:53:58.723 INFO [main] org.apache.catalina.startup.VersionLoggerListener.log 명령 행 아규먼트:  --add-opens=java.base/java.util=ALL-UNNAMED
24-Oct-2024 10:53:58.723 INFO [main] org.apache.catalina.startup.VersionLoggerListener.log 명령 행 아규먼트:  --add-opens=java.base/java.util.concurrent=ALL-UNNAMED
24-Oct-2024 10:53:58.723 INFO [main] org.apache.catalina.startup.VersionLoggerListener.log 명령 행 아규먼트:  --add-opens=java.rmi/sun.rmi.transport=ALL-UNNAMED
24-Oct-2024 10:53:58.723 INFO [main] org.apache.catalina.startup.VersionLoggerListener.log 명령 행 아규먼트:  -Dcatalina.home=D:\fintech_김시원\Util\apache-tomcat-10.1.31
24-Oct-2024 10:53:58.723 INFO [main] org.apache.catalina.startup.VersionLoggerListener.log 명령 행 아규먼트:  -Dcatalina.base=D:\fintech_김시원\이용교 강사님\5. JSP 기초\day02\src\main
24-Oct-2024 10:53:58.723 INFO [main] org.apache.catalina.startup.VersionLoggerListener.log 명령 행 아규먼트:  -Djava.io.tmpdir=D:\fintech_김시원\이용교 강사님\5. JSP 기초\day02\src\main\temp
24-Oct-2024 10:53:58.724 INFO [main] org.apache.catalina.startup.VersionLoggerListener.log 명령 행 아규먼트:  -Djava.util.logging.config.file=D:\fintech_김시원\이용교 강사님\5. JSP 기초\day02\src\main\conf\logging.properties
24-Oct-2024 10:53:58.724 INFO [main] org.apache.catalina.startup.VersionLoggerListener.log 명령 행 아규먼트:  -Djava.util.logging.manager=org.apache.juli.ClassLoaderLogManager
24-Oct-2024 10:53:58.724 INFO [main] org.apache.catalina.startup.VersionLoggerListener.log 명령 행 아규먼트:  -javaagent:C:\Program Files\JetBrains\IntelliJ IDEA Community Edition 2024.2.3\lib\idea_rt.jar=58811:C:\Program Files\JetBrains\IntelliJ IDEA Community Edition 2024.2.3\bin
24-Oct-2024 10:53:58.724 INFO [main] org.apache.catalina.startup.VersionLoggerListener.log 명령 행 아규먼트:  -Dfile.encoding=UTF-8
24-Oct-2024 10:53:58.732 INFO [main] org.apache.catalina.core.AprLifecycleListener.lifecycleEvent 프로덕션 환경들에서 최적의 성능을 제공하는, APR 기반 Apache Tomcat Native 라이브러리가, 다음 java.library.path에서 발견되지 않습니다: [C:\Program Files\Java\jdk-17\bin;C:\Windows\Sun\Java\bin;C:\Windows\system32;C:\Windows;C:\Program Files\Common Files\Oracle\Java\javapath;C:\Windows\system32;C:\Windows;C:\Windows\System32\Wbem;C:\Windows\System32\WindowsPowerShell\v1.0\;C:\Windows\System32\OpenSSH\;C:\Program Files (x86)\NVIDIA Corporation\PhysX\Common;C:\Program Files\Bandizip\;C:\Program Files (x86)\Windows Kits\10\Windows Performance Toolkit\;C:\Program Files\nodejs\;C:\Program Files\Git\cmd;C:\Program Files\Docker\Docker\resources\bin;D:\fintech_김시원\Util\gradle-8.10.2\bin;C:\Users\admin\AppData\Local\Programs\Python\Launcher\;C:\Users\admin\AppData\Local\Microsoft\WindowsApps;C:\Users\admin\AppData\Local\Programs\Microsoft VS Code\bin;C:\Program Files\JetBrains\PyCharm 2024.2\bin;;C:\Program Files\JetBrains\PyCharm Community Edition 2024.2\bin;;C:\Program Files\JetBrains\IntelliJ IDEA Community Edition 2024.2.0.1\bin;;C:\Users\admin\AppData\Roaming\npm;C:\Users\admin\AppData\Local\GitHubDesktop\bin;.]
24-Oct-2024 10:53:58.879 INFO [main] org.apache.coyote.AbstractProtocol.init 프로토콜 핸들러 ["http-nio-3000"]을(를) 초기화합니다.
24-Oct-2024 10:53:58.895 INFO [main] org.apache.catalina.startup.Catalina.load [326] 밀리초 내에 서버가 초기화되었습니다.
24-Oct-2024 10:53:58.941 INFO [main] org.apache.catalina.core.StandardService.startInternal 서비스 [Catalina]을(를) 시작합니다.
24-Oct-2024 10:53:58.942 INFO [main] org.apache.catalina.core.StandardEngine.startInternal 서버 엔진을 시작합니다: [Apache Tomcat/10.1.31]
24-Oct-2024 10:53:58.955 INFO [main] org.apache.catalina.startup.HostConfig.deployDescriptor 배치 descriptor [D:\fintech_김시원\이용교 강사님\5. JSP 기초\day02\src\main\conf\Catalina\localhost\day02.xml]을(를) 배치합니다.
24-Oct-2024 10:53:59.394 INFO [main] org.apache.catalina.startup.HostConfig.deployDescriptor 배치 descriptor [D:\fintech_김시원\이용교 강사님\5. JSP 기초\day02\src\main\conf\Catalina\localhost\day02.xml]의 배치가 [439] 밀리초 내에 완료되었습니다.
24-Oct-2024 10:53:59.397 INFO [main] org.apache.coyote.AbstractProtocol.start 프로토콜 핸들러 ["http-nio-3000"]을(를) 시작합니다.
24-Oct-2024 10:53:59.437 INFO [main] org.apache.catalina.startup.Catalina.start 서버가 [541] 밀리초 내에 시작되었습니다.
24-Oct-2024 10:57:20.529 INFO [Thread-1] org.apache.coyote.AbstractProtocol.pause 프로토콜 핸들러 ["http-nio-3000"]을(를) 일시 정지 중
24-Oct-2024 10:57:20.562 INFO [Thread-1] org.apache.catalina.core.StandardService.stopInternal 서비스 [Catalina]을(를) 중지시킵니다.
24-Oct-2024 10:57:20.569 INFO [Thread-1] org.apache.coyote.AbstractProtocol.stop 프로토콜 핸들러 ["http-nio-3000"]을(를) 중지시킵니다.
24-Oct-2024 10:57:20.571 INFO [Thread-1] org.apache.coyote.AbstractProtocol.destroy 프로토콜 핸들러 ["http-nio-3000"]을(를) 소멸시킵니다.
24-Oct-2024 15:02:12.862 INFO [main] org.apache.catalina.startup.VersionLoggerListener.log 서버 버전 이름:    Apache Tomcat/10.1.31
24-Oct-2024 15:02:12.865 INFO [main] org.apache.catalina.startup.VersionLoggerListener.log Server 빌드 시각:  Oct 3 2024 19:02:38 UTC
24-Oct-2024 15:02:12.865 INFO [main] org.apache.catalina.startup.VersionLoggerListener.log Server 버전 번호:  10.1.31.0
24-Oct-2024 15:02:12.865 INFO [main] org.apache.catalina.startup.VersionLoggerListener.log 운영체제 이름:     Windows 10
24-Oct-2024 15:02:12.865 INFO [main] org.apache.catalina.startup.VersionLoggerListener.log 운영체제 버전:     10.0
24-Oct-2024 15:02:12.865 INFO [main] org.apache.catalina.startup.VersionLoggerListener.log 아키텍처:          amd64
24-Oct-2024 15:02:12.865 INFO [main] org.apache.catalina.startup.VersionLoggerListener.log 자바 홈:           C:\Program Files\Java\jdk-17
24-Oct-2024 15:02:12.865 INFO [main] org.apache.catalina.startup.VersionLoggerListener.log JVM 버전:          17.0.12+8-LTS-286
24-Oct-2024 15:02:12.865 INFO [main] org.apache.catalina.startup.VersionLoggerListener.log JVM 벤더:          Oracle Corporation
24-Oct-2024 15:02:12.865 INFO [main] org.apache.catalina.startup.VersionLoggerListener.log CATALINA_BASE:     D:\fintech_김시원\이용교 강사님\5. JSP 기초\day02\src\main
24-Oct-2024 15:02:12.865 INFO [main] org.apache.catalina.startup.VersionLoggerListener.log CATALINA_HOME:     D:\fintech_김시원\Util\apache-tomcat-10.1.31
24-Oct-2024 15:02:12.872 INFO [main] org.apache.catalina.startup.VersionLoggerListener.log 명령 행 아규먼트:  --add-opens=java.base/java.lang=ALL-UNNAMED
24-Oct-2024 15:02:12.872 INFO [main] org.apache.catalina.startup.VersionLoggerListener.log 명령 행 아규먼트:  --add-opens=java.base/java.io=ALL-UNNAMED
24-Oct-2024 15:02:12.872 INFO [main] org.apache.catalina.startup.VersionLoggerListener.log 명령 행 아규먼트:  --add-opens=java.base/java.util=ALL-UNNAMED
24-Oct-2024 15:02:12.872 INFO [main] org.apache.catalina.startup.VersionLoggerListener.log 명령 행 아규먼트:  --add-opens=java.base/java.util.concurrent=ALL-UNNAMED
24-Oct-2024 15:02:12.872 INFO [main] org.apache.catalina.startup.VersionLoggerListener.log 명령 행 아규먼트:  --add-opens=java.rmi/sun.rmi.transport=ALL-UNNAMED
24-Oct-2024 15:02:12.872 INFO [main] org.apache.catalina.startup.VersionLoggerListener.log 명령 행 아규먼트:  -Dcatalina.home=D:\fintech_김시원\Util\apache-tomcat-10.1.31
24-Oct-2024 15:02:12.872 INFO [main] org.apache.catalina.startup.VersionLoggerListener.log 명령 행 아규먼트:  -Dcatalina.base=D:\fintech_김시원\이용교 강사님\5. JSP 기초\day02\src\main
24-Oct-2024 15:02:12.872 INFO [main] org.apache.catalina.startup.VersionLoggerListener.log 명령 행 아규먼트:  -Djava.io.tmpdir=D:\fintech_김시원\이용교 강사님\5. JSP 기초\day02\src\main\temp
24-Oct-2024 15:02:12.872 INFO [main] org.apache.catalina.startup.VersionLoggerListener.log 명령 행 아규먼트:  -Djava.util.logging.config.file=D:\fintech_김시원\이용교 강사님\5. JSP 기초\day02\src\main\conf\logging.properties
24-Oct-2024 15:02:12.872 INFO [main] org.apache.catalina.startup.VersionLoggerListener.log 명령 행 아규먼트:  -Djava.util.logging.manager=org.apache.juli.ClassLoaderLogManager
24-Oct-2024 15:02:12.872 INFO [main] org.apache.catalina.startup.VersionLoggerListener.log 명령 행 아규먼트:  -javaagent:C:\Program Files\JetBrains\IntelliJ IDEA Community Edition 2024.2.3\lib\idea_rt.jar=50435:C:\Program Files\JetBrains\IntelliJ IDEA Community Edition 2024.2.3\bin
24-Oct-2024 15:02:12.873 INFO [main] org.apache.catalina.startup.VersionLoggerListener.log 명령 행 아규먼트:  -Dfile.encoding=UTF-8
24-Oct-2024 15:02:12.880 INFO [main] org.apache.catalina.core.AprLifecycleListener.lifecycleEvent 프로덕션 환경들에서 최적의 성능을 제공하는, APR 기반 Apache Tomcat Native 라이브러리가, 다음 java.library.path에서 발견되지 않습니다: [C:\Program Files\Java\jdk-17\bin;C:\Windows\Sun\Java\bin;C:\Windows\system32;C:\Windows;C:\Program Files\Common Files\Oracle\Java\javapath;C:\Windows\system32;C:\Windows;C:\Windows\System32\Wbem;C:\Windows\System32\WindowsPowerShell\v1.0\;C:\Windows\System32\OpenSSH\;C:\Program Files (x86)\NVIDIA Corporation\PhysX\Common;C:\Program Files\Bandizip\;C:\Program Files (x86)\Windows Kits\10\Windows Performance Toolkit\;C:\Program Files\nodejs\;C:\Program Files\Git\cmd;C:\Program Files\Docker\Docker\resources\bin;D:\fintech_김시원\Util\gradle-8.10.2\bin;C:\Users\admin\AppData\Local\Programs\Python\Launcher\;C:\Users\admin\AppData\Local\Microsoft\WindowsApps;C:\Users\admin\AppData\Local\Programs\Microsoft VS Code\bin;C:\Program Files\JetBrains\PyCharm 2024.2\bin;;C:\Program Files\JetBrains\PyCharm Community Edition 2024.2\bin;;C:\Program Files\JetBrains\IntelliJ IDEA Community Edition 2024.2.0.1\bin;;C:\Users\admin\AppData\Roaming\npm;C:\Users\admin\AppData\Local\GitHubDesktop\bin;.]
24-Oct-2024 15:02:13.013 INFO [main] org.apache.coyote.AbstractProtocol.init 프로토콜 핸들러 ["http-nio-3000"]을(를) 초기화합니다.
24-Oct-2024 15:02:13.027 INFO [main] org.apache.catalina.startup.Catalina.load [302] 밀리초 내에 서버가 초기화되었습니다.
24-Oct-2024 15:02:13.064 INFO [main] org.apache.catalina.core.StandardService.startInternal 서비스 [Catalina]을(를) 시작합니다.
24-Oct-2024 15:02:13.064 INFO [main] org.apache.catalina.core.StandardEngine.startInternal 서버 엔진을 시작합니다: [Apache Tomcat/10.1.31]
24-Oct-2024 15:02:13.075 INFO [main] org.apache.catalina.startup.HostConfig.deployDescriptor 배치 descriptor [D:\fintech_김시원\이용교 강사님\5. JSP 기초\day02\src\main\conf\Catalina\localhost\day02.xml]을(를) 배치합니다.
24-Oct-2024 15:02:13.407 INFO [main] org.apache.catalina.startup.HostConfig.deployDescriptor 배치 descriptor [D:\fintech_김시원\이용교 강사님\5. JSP 기초\day02\src\main\conf\Catalina\localhost\day02.xml]의 배치가 [330] 밀리초 내에 완료되었습니다.
24-Oct-2024 15:02:13.417 INFO [main] org.apache.coyote.AbstractProtocol.start 프로토콜 핸들러 ["http-nio-3000"]을(를) 시작합니다.
24-Oct-2024 15:02:13.452 INFO [main] org.apache.catalina.startup.Catalina.start 서버가 [425] 밀리초 내에 시작되었습니다.
24-Oct-2024 15:41:26.311 INFO [Thread-1] org.apache.coyote.AbstractProtocol.pause 프로토콜 핸들러 ["http-nio-3000"]을(를) 일시 정지 중
24-Oct-2024 15:41:26.347 INFO [Thread-1] org.apache.catalina.core.StandardService.stopInternal 서비스 [Catalina]을(를) 중지시킵니다.
24-Oct-2024 15:41:26.354 INFO [Thread-1] org.apache.coyote.AbstractProtocol.stop 프로토콜 핸들러 ["http-nio-3000"]을(를) 중지시킵니다.
24-Oct-2024 15:41:26.357 INFO [Thread-1] org.apache.coyote.AbstractProtocol.destroy 프로토콜 핸들러 ["http-nio-3000"]을(를) 소멸시킵니다.
