28-Oct-2024 14:22:57.678 INFO [main] org.apache.catalina.startup.VersionLoggerListener.log 서버 버전 이름:    Apache Tomcat/10.1.31
28-Oct-2024 14:22:57.681 INFO [main] org.apache.catalina.startup.VersionLoggerListener.log Server 빌드 시각:  Oct 3 2024 19:02:38 UTC
28-Oct-2024 14:22:57.682 INFO [main] org.apache.catalina.startup.VersionLoggerListener.log Server 버전 번호:  10.1.31.0
28-Oct-2024 14:22:57.682 INFO [main] org.apache.catalina.startup.VersionLoggerListener.log 운영체제 이름:     Windows 10
28-Oct-2024 14:22:57.682 INFO [main] org.apache.catalina.startup.VersionLoggerListener.log 운영체제 버전:     10.0
28-Oct-2024 14:22:57.682 INFO [main] org.apache.catalina.startup.VersionLoggerListener.log 아키텍처:          amd64
28-Oct-2024 14:22:57.682 INFO [main] org.apache.catalina.startup.VersionLoggerListener.log 자바 홈:           C:\Program Files\Java\jdk-17
28-Oct-2024 14:22:57.682 INFO [main] org.apache.catalina.startup.VersionLoggerListener.log JVM 버전:          17.0.12+8-LTS-286
28-Oct-2024 14:22:57.682 INFO [main] org.apache.catalina.startup.VersionLoggerListener.log JVM 벤더:          Oracle Corporation
28-Oct-2024 14:22:57.682 INFO [main] org.apache.catalina.startup.VersionLoggerListener.log CATALINA_BASE:     C:\Users\admin\.SmartTomcat\servlet_jsp\servlet_jsp.main
28-Oct-2024 14:22:57.682 INFO [main] org.apache.catalina.startup.VersionLoggerListener.log CATALINA_HOME:     D:\fintech_김시원\Util\apache-tomcat-10.1.31
28-Oct-2024 14:22:57.691 INFO [main] org.apache.catalina.startup.VersionLoggerListener.log 명령 행 아규먼트:  --add-opens=java.base/java.lang=ALL-UNNAMED
28-Oct-2024 14:22:57.691 INFO [main] org.apache.catalina.startup.VersionLoggerListener.log 명령 행 아규먼트:  --add-opens=java.base/java.io=ALL-UNNAMED
28-Oct-2024 14:22:57.691 INFO [main] org.apache.catalina.startup.VersionLoggerListener.log 명령 행 아규먼트:  --add-opens=java.base/java.util=ALL-UNNAMED
28-Oct-2024 14:22:57.691 INFO [main] org.apache.catalina.startup.VersionLoggerListener.log 명령 행 아규먼트:  --add-opens=java.base/java.util.concurrent=ALL-UNNAMED
28-Oct-2024 14:22:57.691 INFO [main] org.apache.catalina.startup.VersionLoggerListener.log 명령 행 아규먼트:  --add-opens=java.rmi/sun.rmi.transport=ALL-UNNAMED
28-Oct-2024 14:22:57.692 INFO [main] org.apache.catalina.startup.VersionLoggerListener.log 명령 행 아규먼트:  -Dcatalina.home=D:\fintech_김시원\Util\apache-tomcat-10.1.31
28-Oct-2024 14:22:57.692 INFO [main] org.apache.catalina.startup.VersionLoggerListener.log 명령 행 아규먼트:  -Dcatalina.base=C:\Users\admin\.SmartTomcat\servlet_jsp\servlet_jsp.main
28-Oct-2024 14:22:57.692 INFO [main] org.apache.catalina.startup.VersionLoggerListener.log 명령 행 아규먼트:  -Djava.io.tmpdir=C:\Users\admin\.SmartTomcat\servlet_jsp\servlet_jsp.main\temp
28-Oct-2024 14:22:57.692 INFO [main] org.apache.catalina.startup.VersionLoggerListener.log 명령 행 아규먼트:  -Djava.util.logging.config.file=C:\Users\admin\.SmartTomcat\servlet_jsp\servlet_jsp.main\conf\logging.properties
28-Oct-2024 14:22:57.692 INFO [main] org.apache.catalina.startup.VersionLoggerListener.log 명령 행 아규먼트:  -Djava.util.logging.manager=org.apache.juli.ClassLoaderLogManager
28-Oct-2024 14:22:57.692 INFO [main] org.apache.catalina.startup.VersionLoggerListener.log 명령 행 아규먼트:  -javaagent:C:\Program Files\JetBrains\IntelliJ IDEA Community Edition 2024.2.3\lib\idea_rt.jar=51949:C:\Program Files\JetBrains\IntelliJ IDEA Community Edition 2024.2.3\bin
28-Oct-2024 14:22:57.693 INFO [main] org.apache.catalina.startup.VersionLoggerListener.log 명령 행 아규먼트:  -Dfile.encoding=UTF-8
28-Oct-2024 14:22:57.704 INFO [main] org.apache.catalina.core.AprLifecycleListener.lifecycleEvent 프로덕션 환경들에서 최적의 성능을 제공하는, APR 기반 Apache Tomcat Native 라이브러리가, 다음 java.library.path에서 발견되지 않습니다: [C:\Program Files\Java\jdk-17\bin;C:\Windows\Sun\Java\bin;C:\Windows\system32;C:\Windows;C:\Program Files\Common Files\Oracle\Java\javapath;C:\Windows\system32;C:\Windows;C:\Windows\System32\Wbem;C:\Windows\System32\WindowsPowerShell\v1.0\;C:\Windows\System32\OpenSSH\;C:\Program Files (x86)\NVIDIA Corporation\PhysX\Common;C:\Program Files\Bandizip\;C:\Program Files (x86)\Windows Kits\10\Windows Performance Toolkit\;C:\Program Files\nodejs\;C:\Program Files\Git\cmd;C:\Program Files\Docker\Docker\resources\bin;D:\fintech_김시원\Util\gradle-8.10.2\bin;C:\Users\admin\AppData\Local\Programs\Python\Launcher\;C:\Users\admin\AppData\Local\Microsoft\WindowsApps;C:\Users\admin\AppData\Local\Programs\Microsoft VS Code\bin;C:\Program Files\JetBrains\PyCharm 2024.2\bin;;C:\Program Files\JetBrains\PyCharm Community Edition 2024.2\bin;;C:\Program Files\JetBrains\IntelliJ IDEA Community Edition 2024.2.0.1\bin;;C:\Users\admin\AppData\Roaming\npm;C:\Users\admin\AppData\Local\GitHubDesktop\bin;.]
28-Oct-2024 14:22:57.870 INFO [main] org.apache.coyote.AbstractProtocol.init 프로토콜 핸들러 ["http-nio-3000"]을(를) 초기화합니다.
28-Oct-2024 14:22:57.888 INFO [main] org.apache.catalina.startup.Catalina.load [375] 밀리초 내에 서버가 초기화되었습니다.
28-Oct-2024 14:22:57.937 INFO [main] org.apache.catalina.core.StandardService.startInternal 서비스 [Catalina]을(를) 시작합니다.
28-Oct-2024 14:22:57.937 INFO [main] org.apache.catalina.core.StandardEngine.startInternal 서버 엔진을 시작합니다: [Apache Tomcat/10.1.31]
28-Oct-2024 14:22:57.951 INFO [main] org.apache.catalina.startup.HostConfig.deployDescriptor 배치 descriptor [C:\Users\admin\.SmartTomcat\servlet_jsp\servlet_jsp.main\conf\Catalina\localhost\servlet_jsp.xml]을(를) 배치합니다.
28-Oct-2024 14:22:58.310 INFO [main] org.apache.catalina.startup.HostConfig.deployDescriptor 배치 descriptor [C:\Users\admin\.SmartTomcat\servlet_jsp\servlet_jsp.main\conf\Catalina\localhost\servlet_jsp.xml]의 배치가 [357] 밀리초 내에 완료되었습니다.
28-Oct-2024 14:22:58.315 INFO [main] org.apache.coyote.AbstractProtocol.start 프로토콜 핸들러 ["http-nio-3000"]을(를) 시작합니다.
28-Oct-2024 14:22:58.348 INFO [main] org.apache.catalina.startup.Catalina.start 서버가 [459] 밀리초 내에 시작되었습니다.
28-Oct-2024 14:52:10.042 INFO [Thread-1] org.apache.coyote.AbstractProtocol.pause 프로토콜 핸들러 ["http-nio-3000"]을(를) 일시 정지 중
28-Oct-2024 14:52:10.077 INFO [Thread-1] org.apache.catalina.core.StandardService.stopInternal 서비스 [Catalina]을(를) 중지시킵니다.
28-Oct-2024 14:52:10.085 INFO [Thread-1] org.apache.coyote.AbstractProtocol.stop 프로토콜 핸들러 ["http-nio-3000"]을(를) 중지시킵니다.
28-Oct-2024 14:52:10.088 INFO [Thread-1] org.apache.coyote.AbstractProtocol.destroy 프로토콜 핸들러 ["http-nio-3000"]을(를) 소멸시킵니다.
28-Oct-2024 14:57:49.107 INFO [main] org.apache.catalina.startup.VersionLoggerListener.log 서버 버전 이름:    Apache Tomcat/10.1.31
28-Oct-2024 14:57:49.110 INFO [main] org.apache.catalina.startup.VersionLoggerListener.log Server 빌드 시각:  Oct 3 2024 19:02:38 UTC
28-Oct-2024 14:57:49.110 INFO [main] org.apache.catalina.startup.VersionLoggerListener.log Server 버전 번호:  10.1.31.0
28-Oct-2024 14:57:49.110 INFO [main] org.apache.catalina.startup.VersionLoggerListener.log 운영체제 이름:     Windows 10
28-Oct-2024 14:57:49.110 INFO [main] org.apache.catalina.startup.VersionLoggerListener.log 운영체제 버전:     10.0
28-Oct-2024 14:57:49.111 INFO [main] org.apache.catalina.startup.VersionLoggerListener.log 아키텍처:          amd64
28-Oct-2024 14:57:49.111 INFO [main] org.apache.catalina.startup.VersionLoggerListener.log 자바 홈:           C:\Program Files\Java\jdk-17
28-Oct-2024 14:57:49.111 INFO [main] org.apache.catalina.startup.VersionLoggerListener.log JVM 버전:          17.0.12+8-LTS-286
28-Oct-2024 14:57:49.111 INFO [main] org.apache.catalina.startup.VersionLoggerListener.log JVM 벤더:          Oracle Corporation
28-Oct-2024 14:57:49.111 INFO [main] org.apache.catalina.startup.VersionLoggerListener.log CATALINA_BASE:     C:\Users\admin\.SmartTomcat\servlet_jsp\servlet_jsp.main
28-Oct-2024 14:57:49.111 INFO [main] org.apache.catalina.startup.VersionLoggerListener.log CATALINA_HOME:     D:\fintech_김시원\Util\apache-tomcat-10.1.31
28-Oct-2024 14:57:49.118 INFO [main] org.apache.catalina.startup.VersionLoggerListener.log 명령 행 아규먼트:  --add-opens=java.base/java.lang=ALL-UNNAMED
28-Oct-2024 14:57:49.118 INFO [main] org.apache.catalina.startup.VersionLoggerListener.log 명령 행 아규먼트:  --add-opens=java.base/java.io=ALL-UNNAMED
28-Oct-2024 14:57:49.118 INFO [main] org.apache.catalina.startup.VersionLoggerListener.log 명령 행 아규먼트:  --add-opens=java.base/java.util=ALL-UNNAMED
28-Oct-2024 14:57:49.118 INFO [main] org.apache.catalina.startup.VersionLoggerListener.log 명령 행 아규먼트:  --add-opens=java.base/java.util.concurrent=ALL-UNNAMED
28-Oct-2024 14:57:49.118 INFO [main] org.apache.catalina.startup.VersionLoggerListener.log 명령 행 아규먼트:  --add-opens=java.rmi/sun.rmi.transport=ALL-UNNAMED
28-Oct-2024 14:57:49.118 INFO [main] org.apache.catalina.startup.VersionLoggerListener.log 명령 행 아규먼트:  -Dcatalina.home=D:\fintech_김시원\Util\apache-tomcat-10.1.31
28-Oct-2024 14:57:49.119 INFO [main] org.apache.catalina.startup.VersionLoggerListener.log 명령 행 아규먼트:  -Dcatalina.base=C:\Users\admin\.SmartTomcat\servlet_jsp\servlet_jsp.main
28-Oct-2024 14:57:49.119 INFO [main] org.apache.catalina.startup.VersionLoggerListener.log 명령 행 아규먼트:  -Djava.io.tmpdir=C:\Users\admin\.SmartTomcat\servlet_jsp\servlet_jsp.main\temp
28-Oct-2024 14:57:49.119 INFO [main] org.apache.catalina.startup.VersionLoggerListener.log 명령 행 아규먼트:  -Djava.util.logging.config.file=C:\Users\admin\.SmartTomcat\servlet_jsp\servlet_jsp.main\conf\logging.properties
28-Oct-2024 14:57:49.119 INFO [main] org.apache.catalina.startup.VersionLoggerListener.log 명령 행 아규먼트:  -Djava.util.logging.manager=org.apache.juli.ClassLoaderLogManager
28-Oct-2024 14:57:49.119 INFO [main] org.apache.catalina.startup.VersionLoggerListener.log 명령 행 아규먼트:  -javaagent:C:\Program Files\JetBrains\IntelliJ IDEA Community Edition 2024.2.3\lib\idea_rt.jar=52318:C:\Program Files\JetBrains\IntelliJ IDEA Community Edition 2024.2.3\bin
28-Oct-2024 14:57:49.119 INFO [main] org.apache.catalina.startup.VersionLoggerListener.log 명령 행 아규먼트:  -Dfile.encoding=UTF-8
28-Oct-2024 14:57:49.129 INFO [main] org.apache.catalina.core.AprLifecycleListener.lifecycleEvent 프로덕션 환경들에서 최적의 성능을 제공하는, APR 기반 Apache Tomcat Native 라이브러리가, 다음 java.library.path에서 발견되지 않습니다: [C:\Program Files\Java\jdk-17\bin;C:\Windows\Sun\Java\bin;C:\Windows\system32;C:\Windows;C:\Program Files\Common Files\Oracle\Java\javapath;C:\Windows\system32;C:\Windows;C:\Windows\System32\Wbem;C:\Windows\System32\WindowsPowerShell\v1.0\;C:\Windows\System32\OpenSSH\;C:\Program Files (x86)\NVIDIA Corporation\PhysX\Common;C:\Program Files\Bandizip\;C:\Program Files (x86)\Windows Kits\10\Windows Performance Toolkit\;C:\Program Files\nodejs\;C:\Program Files\Git\cmd;C:\Program Files\Docker\Docker\resources\bin;D:\fintech_김시원\Util\gradle-8.10.2\bin;C:\Users\admin\AppData\Local\Programs\Python\Launcher\;C:\Users\admin\AppData\Local\Microsoft\WindowsApps;C:\Users\admin\AppData\Local\Programs\Microsoft VS Code\bin;C:\Program Files\JetBrains\PyCharm 2024.2\bin;;C:\Program Files\JetBrains\PyCharm Community Edition 2024.2\bin;;C:\Program Files\JetBrains\IntelliJ IDEA Community Edition 2024.2.0.1\bin;;C:\Users\admin\AppData\Roaming\npm;C:\Users\admin\AppData\Local\GitHubDesktop\bin;.]
28-Oct-2024 14:57:49.310 INFO [main] org.apache.coyote.AbstractProtocol.init 프로토콜 핸들러 ["http-nio-3000"]을(를) 초기화합니다.
28-Oct-2024 14:57:49.331 INFO [main] org.apache.catalina.startup.Catalina.load [368] 밀리초 내에 서버가 초기화되었습니다.
28-Oct-2024 14:57:49.381 INFO [main] org.apache.catalina.core.StandardService.startInternal 서비스 [Catalina]을(를) 시작합니다.
28-Oct-2024 14:57:49.382 INFO [main] org.apache.catalina.core.StandardEngine.startInternal 서버 엔진을 시작합니다: [Apache Tomcat/10.1.31]
28-Oct-2024 14:57:49.392 INFO [main] org.apache.catalina.startup.HostConfig.deployDescriptor 배치 descriptor [C:\Users\admin\.SmartTomcat\servlet_jsp\servlet_jsp.main\conf\Catalina\localhost\servlet_jsp.xml]을(를) 배치합니다.
28-Oct-2024 14:57:49.765 INFO [main] org.apache.catalina.startup.HostConfig.deployDescriptor 배치 descriptor [C:\Users\admin\.SmartTomcat\servlet_jsp\servlet_jsp.main\conf\Catalina\localhost\servlet_jsp.xml]의 배치가 [372] 밀리초 내에 완료되었습니다.
28-Oct-2024 14:57:49.769 INFO [main] org.apache.coyote.AbstractProtocol.start 프로토콜 핸들러 ["http-nio-3000"]을(를) 시작합니다.
28-Oct-2024 14:57:49.803 INFO [main] org.apache.catalina.startup.Catalina.start 서버가 [472] 밀리초 내에 시작되었습니다.
28-Oct-2024 15:00:54.285 INFO [Thread-1] org.apache.coyote.AbstractProtocol.pause 프로토콜 핸들러 ["http-nio-3000"]을(를) 일시 정지 중
28-Oct-2024 15:00:54.318 INFO [Thread-1] org.apache.catalina.core.StandardService.stopInternal 서비스 [Catalina]을(를) 중지시킵니다.
28-Oct-2024 15:00:54.324 INFO [Thread-1] org.apache.coyote.AbstractProtocol.stop 프로토콜 핸들러 ["http-nio-3000"]을(를) 중지시킵니다.
28-Oct-2024 15:00:54.327 INFO [Thread-1] org.apache.coyote.AbstractProtocol.destroy 프로토콜 핸들러 ["http-nio-3000"]을(를) 소멸시킵니다.
28-Oct-2024 15:00:56.039 INFO [main] org.apache.catalina.startup.VersionLoggerListener.log 서버 버전 이름:    Apache Tomcat/10.1.31
28-Oct-2024 15:00:56.042 INFO [main] org.apache.catalina.startup.VersionLoggerListener.log Server 빌드 시각:  Oct 3 2024 19:02:38 UTC
28-Oct-2024 15:00:56.042 INFO [main] org.apache.catalina.startup.VersionLoggerListener.log Server 버전 번호:  10.1.31.0
28-Oct-2024 15:00:56.042 INFO [main] org.apache.catalina.startup.VersionLoggerListener.log 운영체제 이름:     Windows 10
28-Oct-2024 15:00:56.042 INFO [main] org.apache.catalina.startup.VersionLoggerListener.log 운영체제 버전:     10.0
28-Oct-2024 15:00:56.042 INFO [main] org.apache.catalina.startup.VersionLoggerListener.log 아키텍처:          amd64
28-Oct-2024 15:00:56.042 INFO [main] org.apache.catalina.startup.VersionLoggerListener.log 자바 홈:           C:\Program Files\Java\jdk-17
28-Oct-2024 15:00:56.042 INFO [main] org.apache.catalina.startup.VersionLoggerListener.log JVM 버전:          17.0.12+8-LTS-286
28-Oct-2024 15:00:56.042 INFO [main] org.apache.catalina.startup.VersionLoggerListener.log JVM 벤더:          Oracle Corporation
28-Oct-2024 15:00:56.042 INFO [main] org.apache.catalina.startup.VersionLoggerListener.log CATALINA_BASE:     C:\Users\admin\.SmartTomcat\servlet_jsp\servlet_jsp.main
28-Oct-2024 15:00:56.043 INFO [main] org.apache.catalina.startup.VersionLoggerListener.log CATALINA_HOME:     D:\fintech_김시원\Util\apache-tomcat-10.1.31
28-Oct-2024 15:00:56.049 INFO [main] org.apache.catalina.startup.VersionLoggerListener.log 명령 행 아규먼트:  --add-opens=java.base/java.lang=ALL-UNNAMED
28-Oct-2024 15:00:56.049 INFO [main] org.apache.catalina.startup.VersionLoggerListener.log 명령 행 아규먼트:  --add-opens=java.base/java.io=ALL-UNNAMED
28-Oct-2024 15:00:56.049 INFO [main] org.apache.catalina.startup.VersionLoggerListener.log 명령 행 아규먼트:  --add-opens=java.base/java.util=ALL-UNNAMED
28-Oct-2024 15:00:56.049 INFO [main] org.apache.catalina.startup.VersionLoggerListener.log 명령 행 아규먼트:  --add-opens=java.base/java.util.concurrent=ALL-UNNAMED
28-Oct-2024 15:00:56.049 INFO [main] org.apache.catalina.startup.VersionLoggerListener.log 명령 행 아규먼트:  --add-opens=java.rmi/sun.rmi.transport=ALL-UNNAMED
28-Oct-2024 15:00:56.049 INFO [main] org.apache.catalina.startup.VersionLoggerListener.log 명령 행 아규먼트:  -Dcatalina.home=D:\fintech_김시원\Util\apache-tomcat-10.1.31
28-Oct-2024 15:00:56.049 INFO [main] org.apache.catalina.startup.VersionLoggerListener.log 명령 행 아규먼트:  -Dcatalina.base=C:\Users\admin\.SmartTomcat\servlet_jsp\servlet_jsp.main
28-Oct-2024 15:00:56.050 INFO [main] org.apache.catalina.startup.VersionLoggerListener.log 명령 행 아규먼트:  -Djava.io.tmpdir=C:\Users\admin\.SmartTomcat\servlet_jsp\servlet_jsp.main\temp
28-Oct-2024 15:00:56.050 INFO [main] org.apache.catalina.startup.VersionLoggerListener.log 명령 행 아규먼트:  -Djava.util.logging.config.file=C:\Users\admin\.SmartTomcat\servlet_jsp\servlet_jsp.main\conf\logging.properties
28-Oct-2024 15:00:56.050 INFO [main] org.apache.catalina.startup.VersionLoggerListener.log 명령 행 아규먼트:  -Djava.util.logging.manager=org.apache.juli.ClassLoaderLogManager
28-Oct-2024 15:00:56.050 INFO [main] org.apache.catalina.startup.VersionLoggerListener.log 명령 행 아규먼트:  -javaagent:C:\Program Files\JetBrains\IntelliJ IDEA Community Edition 2024.2.3\lib\idea_rt.jar=52330:C:\Program Files\JetBrains\IntelliJ IDEA Community Edition 2024.2.3\bin
28-Oct-2024 15:00:56.050 INFO [main] org.apache.catalina.startup.VersionLoggerListener.log 명령 행 아규먼트:  -Dfile.encoding=UTF-8
28-Oct-2024 15:00:56.060 INFO [main] org.apache.catalina.core.AprLifecycleListener.lifecycleEvent 프로덕션 환경들에서 최적의 성능을 제공하는, APR 기반 Apache Tomcat Native 라이브러리가, 다음 java.library.path에서 발견되지 않습니다: [C:\Program Files\Java\jdk-17\bin;C:\Windows\Sun\Java\bin;C:\Windows\system32;C:\Windows;C:\Program Files\Common Files\Oracle\Java\javapath;C:\Windows\system32;C:\Windows;C:\Windows\System32\Wbem;C:\Windows\System32\WindowsPowerShell\v1.0\;C:\Windows\System32\OpenSSH\;C:\Program Files (x86)\NVIDIA Corporation\PhysX\Common;C:\Program Files\Bandizip\;C:\Program Files (x86)\Windows Kits\10\Windows Performance Toolkit\;C:\Program Files\nodejs\;C:\Program Files\Git\cmd;C:\Program Files\Docker\Docker\resources\bin;D:\fintech_김시원\Util\gradle-8.10.2\bin;C:\Users\admin\AppData\Local\Programs\Python\Launcher\;C:\Users\admin\AppData\Local\Microsoft\WindowsApps;C:\Users\admin\AppData\Local\Programs\Microsoft VS Code\bin;C:\Program Files\JetBrains\PyCharm 2024.2\bin;;C:\Program Files\JetBrains\PyCharm Community Edition 2024.2\bin;;C:\Program Files\JetBrains\IntelliJ IDEA Community Edition 2024.2.0.1\bin;;C:\Users\admin\AppData\Roaming\npm;C:\Users\admin\AppData\Local\GitHubDesktop\bin;.]
28-Oct-2024 15:00:56.242 INFO [main] org.apache.coyote.AbstractProtocol.init 프로토콜 핸들러 ["http-nio-3000"]을(를) 초기화합니다.
28-Oct-2024 15:00:56.265 INFO [main] org.apache.catalina.startup.Catalina.load [364] 밀리초 내에 서버가 초기화되었습니다.
28-Oct-2024 15:00:56.311 INFO [main] org.apache.catalina.core.StandardService.startInternal 서비스 [Catalina]을(를) 시작합니다.
28-Oct-2024 15:00:56.312 INFO [main] org.apache.catalina.core.StandardEngine.startInternal 서버 엔진을 시작합니다: [Apache Tomcat/10.1.31]
28-Oct-2024 15:00:56.322 INFO [main] org.apache.catalina.startup.HostConfig.deployDescriptor 배치 descriptor [C:\Users\admin\.SmartTomcat\servlet_jsp\servlet_jsp.main\conf\Catalina\localhost\servlet_jsp.xml]을(를) 배치합니다.
28-Oct-2024 15:00:56.685 INFO [main] org.apache.catalina.startup.HostConfig.deployDescriptor 배치 descriptor [C:\Users\admin\.SmartTomcat\servlet_jsp\servlet_jsp.main\conf\Catalina\localhost\servlet_jsp.xml]의 배치가 [362] 밀리초 내에 완료되었습니다.
28-Oct-2024 15:00:56.688 INFO [main] org.apache.coyote.AbstractProtocol.start 프로토콜 핸들러 ["http-nio-3000"]을(를) 시작합니다.
28-Oct-2024 15:00:56.721 INFO [main] org.apache.catalina.startup.Catalina.start 서버가 [455] 밀리초 내에 시작되었습니다.
28-Oct-2024 15:01:30.219 INFO [Thread-1] org.apache.coyote.AbstractProtocol.pause 프로토콜 핸들러 ["http-nio-3000"]을(를) 일시 정지 중
28-Oct-2024 15:01:30.253 INFO [Thread-1] org.apache.catalina.core.StandardService.stopInternal 서비스 [Catalina]을(를) 중지시킵니다.
28-Oct-2024 15:01:30.260 INFO [Thread-1] org.apache.coyote.AbstractProtocol.stop 프로토콜 핸들러 ["http-nio-3000"]을(를) 중지시킵니다.
28-Oct-2024 15:01:30.264 INFO [Thread-1] org.apache.coyote.AbstractProtocol.destroy 프로토콜 핸들러 ["http-nio-3000"]을(를) 소멸시킵니다.
28-Oct-2024 15:01:32.078 INFO [main] org.apache.catalina.startup.VersionLoggerListener.log 서버 버전 이름:    Apache Tomcat/10.1.31
28-Oct-2024 15:01:32.081 INFO [main] org.apache.catalina.startup.VersionLoggerListener.log Server 빌드 시각:  Oct 3 2024 19:02:38 UTC
28-Oct-2024 15:01:32.081 INFO [main] org.apache.catalina.startup.VersionLoggerListener.log Server 버전 번호:  10.1.31.0
28-Oct-2024 15:01:32.081 INFO [main] org.apache.catalina.startup.VersionLoggerListener.log 운영체제 이름:     Windows 10
28-Oct-2024 15:01:32.081 INFO [main] org.apache.catalina.startup.VersionLoggerListener.log 운영체제 버전:     10.0
28-Oct-2024 15:01:32.081 INFO [main] org.apache.catalina.startup.VersionLoggerListener.log 아키텍처:          amd64
28-Oct-2024 15:01:32.081 INFO [main] org.apache.catalina.startup.VersionLoggerListener.log 자바 홈:           C:\Program Files\Java\jdk-17
28-Oct-2024 15:01:32.081 INFO [main] org.apache.catalina.startup.VersionLoggerListener.log JVM 버전:          17.0.12+8-LTS-286
28-Oct-2024 15:01:32.081 INFO [main] org.apache.catalina.startup.VersionLoggerListener.log JVM 벤더:          Oracle Corporation
28-Oct-2024 15:01:32.081 INFO [main] org.apache.catalina.startup.VersionLoggerListener.log CATALINA_BASE:     C:\Users\admin\.SmartTomcat\servlet_jsp\servlet_jsp.main
28-Oct-2024 15:01:32.081 INFO [main] org.apache.catalina.startup.VersionLoggerListener.log CATALINA_HOME:     D:\fintech_김시원\Util\apache-tomcat-10.1.31
28-Oct-2024 15:01:32.087 INFO [main] org.apache.catalina.startup.VersionLoggerListener.log 명령 행 아규먼트:  --add-opens=java.base/java.lang=ALL-UNNAMED
28-Oct-2024 15:01:32.087 INFO [main] org.apache.catalina.startup.VersionLoggerListener.log 명령 행 아규먼트:  --add-opens=java.base/java.io=ALL-UNNAMED
28-Oct-2024 15:01:32.087 INFO [main] org.apache.catalina.startup.VersionLoggerListener.log 명령 행 아규먼트:  --add-opens=java.base/java.util=ALL-UNNAMED
28-Oct-2024 15:01:32.088 INFO [main] org.apache.catalina.startup.VersionLoggerListener.log 명령 행 아규먼트:  --add-opens=java.base/java.util.concurrent=ALL-UNNAMED
28-Oct-2024 15:01:32.088 INFO [main] org.apache.catalina.startup.VersionLoggerListener.log 명령 행 아규먼트:  --add-opens=java.rmi/sun.rmi.transport=ALL-UNNAMED
28-Oct-2024 15:01:32.088 INFO [main] org.apache.catalina.startup.VersionLoggerListener.log 명령 행 아규먼트:  -Dcatalina.home=D:\fintech_김시원\Util\apache-tomcat-10.1.31
28-Oct-2024 15:01:32.088 INFO [main] org.apache.catalina.startup.VersionLoggerListener.log 명령 행 아규먼트:  -Dcatalina.base=C:\Users\admin\.SmartTomcat\servlet_jsp\servlet_jsp.main
28-Oct-2024 15:01:32.088 INFO [main] org.apache.catalina.startup.VersionLoggerListener.log 명령 행 아규먼트:  -Djava.io.tmpdir=C:\Users\admin\.SmartTomcat\servlet_jsp\servlet_jsp.main\temp
28-Oct-2024 15:01:32.088 INFO [main] org.apache.catalina.startup.VersionLoggerListener.log 명령 행 아규먼트:  -Djava.util.logging.config.file=C:\Users\admin\.SmartTomcat\servlet_jsp\servlet_jsp.main\conf\logging.properties
28-Oct-2024 15:01:32.088 INFO [main] org.apache.catalina.startup.VersionLoggerListener.log 명령 행 아규먼트:  -Djava.util.logging.manager=org.apache.juli.ClassLoaderLogManager
28-Oct-2024 15:01:32.088 INFO [main] org.apache.catalina.startup.VersionLoggerListener.log 명령 행 아규먼트:  -javaagent:C:\Program Files\JetBrains\IntelliJ IDEA Community Edition 2024.2.3\lib\idea_rt.jar=52335:C:\Program Files\JetBrains\IntelliJ IDEA Community Edition 2024.2.3\bin
28-Oct-2024 15:01:32.088 INFO [main] org.apache.catalina.startup.VersionLoggerListener.log 명령 행 아규먼트:  -Dfile.encoding=UTF-8
28-Oct-2024 15:01:32.097 INFO [main] org.apache.catalina.core.AprLifecycleListener.lifecycleEvent 프로덕션 환경들에서 최적의 성능을 제공하는, APR 기반 Apache Tomcat Native 라이브러리가, 다음 java.library.path에서 발견되지 않습니다: [C:\Program Files\Java\jdk-17\bin;C:\Windows\Sun\Java\bin;C:\Windows\system32;C:\Windows;C:\Program Files\Common Files\Oracle\Java\javapath;C:\Windows\system32;C:\Windows;C:\Windows\System32\Wbem;C:\Windows\System32\WindowsPowerShell\v1.0\;C:\Windows\System32\OpenSSH\;C:\Program Files (x86)\NVIDIA Corporation\PhysX\Common;C:\Program Files\Bandizip\;C:\Program Files (x86)\Windows Kits\10\Windows Performance Toolkit\;C:\Program Files\nodejs\;C:\Program Files\Git\cmd;C:\Program Files\Docker\Docker\resources\bin;D:\fintech_김시원\Util\gradle-8.10.2\bin;C:\Users\admin\AppData\Local\Programs\Python\Launcher\;C:\Users\admin\AppData\Local\Microsoft\WindowsApps;C:\Users\admin\AppData\Local\Programs\Microsoft VS Code\bin;C:\Program Files\JetBrains\PyCharm 2024.2\bin;;C:\Program Files\JetBrains\PyCharm Community Edition 2024.2\bin;;C:\Program Files\JetBrains\IntelliJ IDEA Community Edition 2024.2.0.1\bin;;C:\Users\admin\AppData\Roaming\npm;C:\Users\admin\AppData\Local\GitHubDesktop\bin;.]
28-Oct-2024 15:01:32.248 INFO [main] org.apache.coyote.AbstractProtocol.init 프로토콜 핸들러 ["http-nio-3000"]을(를) 초기화합니다.
28-Oct-2024 15:01:32.265 INFO [main] org.apache.catalina.startup.Catalina.load [324] 밀리초 내에 서버가 초기화되었습니다.
28-Oct-2024 15:01:32.314 INFO [main] org.apache.catalina.core.StandardService.startInternal 서비스 [Catalina]을(를) 시작합니다.
28-Oct-2024 15:01:32.315 INFO [main] org.apache.catalina.core.StandardEngine.startInternal 서버 엔진을 시작합니다: [Apache Tomcat/10.1.31]
28-Oct-2024 15:01:32.324 INFO [main] org.apache.catalina.startup.HostConfig.deployDescriptor 배치 descriptor [C:\Users\admin\.SmartTomcat\servlet_jsp\servlet_jsp.main\conf\Catalina\localhost\servlet_jsp.xml]을(를) 배치합니다.
28-Oct-2024 15:01:32.706 INFO [main] org.apache.catalina.startup.HostConfig.deployDescriptor 배치 descriptor [C:\Users\admin\.SmartTomcat\servlet_jsp\servlet_jsp.main\conf\Catalina\localhost\servlet_jsp.xml]의 배치가 [380] 밀리초 내에 완료되었습니다.
28-Oct-2024 15:01:32.709 INFO [main] org.apache.coyote.AbstractProtocol.start 프로토콜 핸들러 ["http-nio-3000"]을(를) 시작합니다.
28-Oct-2024 15:01:32.740 INFO [main] org.apache.catalina.startup.Catalina.start 서버가 [475] 밀리초 내에 시작되었습니다.
28-Oct-2024 15:17:53.754 INFO [Thread-1] org.apache.coyote.AbstractProtocol.pause 프로토콜 핸들러 ["http-nio-3000"]을(를) 일시 정지 중
28-Oct-2024 15:17:53.789 INFO [Thread-1] org.apache.catalina.core.StandardService.stopInternal 서비스 [Catalina]을(를) 중지시킵니다.
28-Oct-2024 15:17:53.796 INFO [Thread-1] org.apache.coyote.AbstractProtocol.stop 프로토콜 핸들러 ["http-nio-3000"]을(를) 중지시킵니다.
28-Oct-2024 15:17:53.799 INFO [Thread-1] org.apache.coyote.AbstractProtocol.destroy 프로토콜 핸들러 ["http-nio-3000"]을(를) 소멸시킵니다.
28-Oct-2024 15:17:55.646 INFO [main] org.apache.catalina.startup.VersionLoggerListener.log 서버 버전 이름:    Apache Tomcat/10.1.31
28-Oct-2024 15:17:55.649 INFO [main] org.apache.catalina.startup.VersionLoggerListener.log Server 빌드 시각:  Oct 3 2024 19:02:38 UTC
28-Oct-2024 15:17:55.649 INFO [main] org.apache.catalina.startup.VersionLoggerListener.log Server 버전 번호:  10.1.31.0
28-Oct-2024 15:17:55.649 INFO [main] org.apache.catalina.startup.VersionLoggerListener.log 운영체제 이름:     Windows 10
28-Oct-2024 15:17:55.649 INFO [main] org.apache.catalina.startup.VersionLoggerListener.log 운영체제 버전:     10.0
28-Oct-2024 15:17:55.649 INFO [main] org.apache.catalina.startup.VersionLoggerListener.log 아키텍처:          amd64
28-Oct-2024 15:17:55.649 INFO [main] org.apache.catalina.startup.VersionLoggerListener.log 자바 홈:           C:\Program Files\Java\jdk-17
28-Oct-2024 15:17:55.649 INFO [main] org.apache.catalina.startup.VersionLoggerListener.log JVM 버전:          17.0.12+8-LTS-286
28-Oct-2024 15:17:55.649 INFO [main] org.apache.catalina.startup.VersionLoggerListener.log JVM 벤더:          Oracle Corporation
28-Oct-2024 15:17:55.649 INFO [main] org.apache.catalina.startup.VersionLoggerListener.log CATALINA_BASE:     C:\Users\admin\.SmartTomcat\servlet_jsp\servlet_jsp.main
28-Oct-2024 15:17:55.649 INFO [main] org.apache.catalina.startup.VersionLoggerListener.log CATALINA_HOME:     D:\fintech_김시원\Util\apache-tomcat-10.1.31
28-Oct-2024 15:17:55.658 INFO [main] org.apache.catalina.startup.VersionLoggerListener.log 명령 행 아규먼트:  --add-opens=java.base/java.lang=ALL-UNNAMED
28-Oct-2024 15:17:55.658 INFO [main] org.apache.catalina.startup.VersionLoggerListener.log 명령 행 아규먼트:  --add-opens=java.base/java.io=ALL-UNNAMED
28-Oct-2024 15:17:55.659 INFO [main] org.apache.catalina.startup.VersionLoggerListener.log 명령 행 아규먼트:  --add-opens=java.base/java.util=ALL-UNNAMED
28-Oct-2024 15:17:55.659 INFO [main] org.apache.catalina.startup.VersionLoggerListener.log 명령 행 아규먼트:  --add-opens=java.base/java.util.concurrent=ALL-UNNAMED
28-Oct-2024 15:17:55.659 INFO [main] org.apache.catalina.startup.VersionLoggerListener.log 명령 행 아규먼트:  --add-opens=java.rmi/sun.rmi.transport=ALL-UNNAMED
28-Oct-2024 15:17:55.659 INFO [main] org.apache.catalina.startup.VersionLoggerListener.log 명령 행 아규먼트:  -Dcatalina.home=D:\fintech_김시원\Util\apache-tomcat-10.1.31
28-Oct-2024 15:17:55.659 INFO [main] org.apache.catalina.startup.VersionLoggerListener.log 명령 행 아규먼트:  -Dcatalina.base=C:\Users\admin\.SmartTomcat\servlet_jsp\servlet_jsp.main
28-Oct-2024 15:17:55.659 INFO [main] org.apache.catalina.startup.VersionLoggerListener.log 명령 행 아규먼트:  -Djava.io.tmpdir=C:\Users\admin\.SmartTomcat\servlet_jsp\servlet_jsp.main\temp
28-Oct-2024 15:17:55.660 INFO [main] org.apache.catalina.startup.VersionLoggerListener.log 명령 행 아규먼트:  -Djava.util.logging.config.file=C:\Users\admin\.SmartTomcat\servlet_jsp\servlet_jsp.main\conf\logging.properties
28-Oct-2024 15:17:55.660 INFO [main] org.apache.catalina.startup.VersionLoggerListener.log 명령 행 아규먼트:  -Djava.util.logging.manager=org.apache.juli.ClassLoaderLogManager
28-Oct-2024 15:17:55.660 INFO [main] org.apache.catalina.startup.VersionLoggerListener.log 명령 행 아규먼트:  -javaagent:C:\Program Files\JetBrains\IntelliJ IDEA Community Edition 2024.2.3\lib\idea_rt.jar=52433:C:\Program Files\JetBrains\IntelliJ IDEA Community Edition 2024.2.3\bin
28-Oct-2024 15:17:55.660 INFO [main] org.apache.catalina.startup.VersionLoggerListener.log 명령 행 아규먼트:  -Dfile.encoding=UTF-8
28-Oct-2024 15:17:55.670 INFO [main] org.apache.catalina.core.AprLifecycleListener.lifecycleEvent 프로덕션 환경들에서 최적의 성능을 제공하는, APR 기반 Apache Tomcat Native 라이브러리가, 다음 java.library.path에서 발견되지 않습니다: [C:\Program Files\Java\jdk-17\bin;C:\Windows\Sun\Java\bin;C:\Windows\system32;C:\Windows;C:\Program Files\Common Files\Oracle\Java\javapath;C:\Windows\system32;C:\Windows;C:\Windows\System32\Wbem;C:\Windows\System32\WindowsPowerShell\v1.0\;C:\Windows\System32\OpenSSH\;C:\Program Files (x86)\NVIDIA Corporation\PhysX\Common;C:\Program Files\Bandizip\;C:\Program Files (x86)\Windows Kits\10\Windows Performance Toolkit\;C:\Program Files\nodejs\;C:\Program Files\Git\cmd;C:\Program Files\Docker\Docker\resources\bin;D:\fintech_김시원\Util\gradle-8.10.2\bin;C:\Users\admin\AppData\Local\Programs\Python\Launcher\;C:\Users\admin\AppData\Local\Microsoft\WindowsApps;C:\Users\admin\AppData\Local\Programs\Microsoft VS Code\bin;C:\Program Files\JetBrains\PyCharm 2024.2\bin;;C:\Program Files\JetBrains\PyCharm Community Edition 2024.2\bin;;C:\Program Files\JetBrains\IntelliJ IDEA Community Edition 2024.2.0.1\bin;;C:\Users\admin\AppData\Roaming\npm;C:\Users\admin\AppData\Local\GitHubDesktop\bin;.]
28-Oct-2024 15:17:55.843 INFO [main] org.apache.coyote.AbstractProtocol.init 프로토콜 핸들러 ["http-nio-3000"]을(를) 초기화합니다.
28-Oct-2024 15:17:55.860 INFO [main] org.apache.catalina.startup.Catalina.load [362] 밀리초 내에 서버가 초기화되었습니다.
28-Oct-2024 15:17:55.907 INFO [main] org.apache.catalina.core.StandardService.startInternal 서비스 [Catalina]을(를) 시작합니다.
28-Oct-2024 15:17:55.907 INFO [main] org.apache.catalina.core.StandardEngine.startInternal 서버 엔진을 시작합니다: [Apache Tomcat/10.1.31]
28-Oct-2024 15:17:55.921 INFO [main] org.apache.catalina.startup.HostConfig.deployDescriptor 배치 descriptor [C:\Users\admin\.SmartTomcat\servlet_jsp\servlet_jsp.main\conf\Catalina\localhost\servlet_jsp.xml]을(를) 배치합니다.
28-Oct-2024 15:17:56.298 INFO [main] org.apache.catalina.startup.HostConfig.deployDescriptor 배치 descriptor [C:\Users\admin\.SmartTomcat\servlet_jsp\servlet_jsp.main\conf\Catalina\localhost\servlet_jsp.xml]의 배치가 [376] 밀리초 내에 완료되었습니다.
28-Oct-2024 15:17:56.301 INFO [main] org.apache.coyote.AbstractProtocol.start 프로토콜 핸들러 ["http-nio-3000"]을(를) 시작합니다.
28-Oct-2024 15:17:56.339 INFO [main] org.apache.catalina.startup.Catalina.start 서버가 [479] 밀리초 내에 시작되었습니다.
28-Oct-2024 15:20:16.833 INFO [Thread-1] org.apache.coyote.AbstractProtocol.pause 프로토콜 핸들러 ["http-nio-3000"]을(를) 일시 정지 중
28-Oct-2024 15:20:16.866 INFO [Thread-1] org.apache.catalina.core.StandardService.stopInternal 서비스 [Catalina]을(를) 중지시킵니다.
28-Oct-2024 15:20:16.872 INFO [Thread-1] org.apache.coyote.AbstractProtocol.stop 프로토콜 핸들러 ["http-nio-3000"]을(를) 중지시킵니다.
28-Oct-2024 15:20:16.874 INFO [Thread-1] org.apache.coyote.AbstractProtocol.destroy 프로토콜 핸들러 ["http-nio-3000"]을(를) 소멸시킵니다.
28-Oct-2024 15:20:18.608 INFO [main] org.apache.catalina.startup.VersionLoggerListener.log 서버 버전 이름:    Apache Tomcat/10.1.31
28-Oct-2024 15:20:18.610 INFO [main] org.apache.catalina.startup.VersionLoggerListener.log Server 빌드 시각:  Oct 3 2024 19:02:38 UTC
28-Oct-2024 15:20:18.611 INFO [main] org.apache.catalina.startup.VersionLoggerListener.log Server 버전 번호:  10.1.31.0
28-Oct-2024 15:20:18.611 INFO [main] org.apache.catalina.startup.VersionLoggerListener.log 운영체제 이름:     Windows 10
28-Oct-2024 15:20:18.611 INFO [main] org.apache.catalina.startup.VersionLoggerListener.log 운영체제 버전:     10.0
28-Oct-2024 15:20:18.611 INFO [main] org.apache.catalina.startup.VersionLoggerListener.log 아키텍처:          amd64
28-Oct-2024 15:20:18.611 INFO [main] org.apache.catalina.startup.VersionLoggerListener.log 자바 홈:           C:\Program Files\Java\jdk-17
28-Oct-2024 15:20:18.611 INFO [main] org.apache.catalina.startup.VersionLoggerListener.log JVM 버전:          17.0.12+8-LTS-286
28-Oct-2024 15:20:18.611 INFO [main] org.apache.catalina.startup.VersionLoggerListener.log JVM 벤더:          Oracle Corporation
28-Oct-2024 15:20:18.611 INFO [main] org.apache.catalina.startup.VersionLoggerListener.log CATALINA_BASE:     C:\Users\admin\.SmartTomcat\servlet_jsp\servlet_jsp.main
28-Oct-2024 15:20:18.611 INFO [main] org.apache.catalina.startup.VersionLoggerListener.log CATALINA_HOME:     D:\fintech_김시원\Util\apache-tomcat-10.1.31
28-Oct-2024 15:20:18.617 INFO [main] org.apache.catalina.startup.VersionLoggerListener.log 명령 행 아규먼트:  --add-opens=java.base/java.lang=ALL-UNNAMED
28-Oct-2024 15:20:18.618 INFO [main] org.apache.catalina.startup.VersionLoggerListener.log 명령 행 아규먼트:  --add-opens=java.base/java.io=ALL-UNNAMED
28-Oct-2024 15:20:18.618 INFO [main] org.apache.catalina.startup.VersionLoggerListener.log 명령 행 아규먼트:  --add-opens=java.base/java.util=ALL-UNNAMED
28-Oct-2024 15:20:18.618 INFO [main] org.apache.catalina.startup.VersionLoggerListener.log 명령 행 아규먼트:  --add-opens=java.base/java.util.concurrent=ALL-UNNAMED
28-Oct-2024 15:20:18.618 INFO [main] org.apache.catalina.startup.VersionLoggerListener.log 명령 행 아규먼트:  --add-opens=java.rmi/sun.rmi.transport=ALL-UNNAMED
28-Oct-2024 15:20:18.618 INFO [main] org.apache.catalina.startup.VersionLoggerListener.log 명령 행 아규먼트:  -Dcatalina.home=D:\fintech_김시원\Util\apache-tomcat-10.1.31
28-Oct-2024 15:20:18.618 INFO [main] org.apache.catalina.startup.VersionLoggerListener.log 명령 행 아규먼트:  -Dcatalina.base=C:\Users\admin\.SmartTomcat\servlet_jsp\servlet_jsp.main
28-Oct-2024 15:20:18.618 INFO [main] org.apache.catalina.startup.VersionLoggerListener.log 명령 행 아규먼트:  -Djava.io.tmpdir=C:\Users\admin\.SmartTomcat\servlet_jsp\servlet_jsp.main\temp
28-Oct-2024 15:20:18.619 INFO [main] org.apache.catalina.startup.VersionLoggerListener.log 명령 행 아규먼트:  -Djava.util.logging.config.file=C:\Users\admin\.SmartTomcat\servlet_jsp\servlet_jsp.main\conf\logging.properties
28-Oct-2024 15:20:18.619 INFO [main] org.apache.catalina.startup.VersionLoggerListener.log 명령 행 아규먼트:  -Djava.util.logging.manager=org.apache.juli.ClassLoaderLogManager
28-Oct-2024 15:20:18.619 INFO [main] org.apache.catalina.startup.VersionLoggerListener.log 명령 행 아규먼트:  -javaagent:C:\Program Files\JetBrains\IntelliJ IDEA Community Edition 2024.2.3\lib\idea_rt.jar=52468:C:\Program Files\JetBrains\IntelliJ IDEA Community Edition 2024.2.3\bin
28-Oct-2024 15:20:18.619 INFO [main] org.apache.catalina.startup.VersionLoggerListener.log 명령 행 아규먼트:  -Dfile.encoding=UTF-8
28-Oct-2024 15:20:18.628 INFO [main] org.apache.catalina.core.AprLifecycleListener.lifecycleEvent 프로덕션 환경들에서 최적의 성능을 제공하는, APR 기반 Apache Tomcat Native 라이브러리가, 다음 java.library.path에서 발견되지 않습니다: [C:\Program Files\Java\jdk-17\bin;C:\Windows\Sun\Java\bin;C:\Windows\system32;C:\Windows;C:\Program Files\Common Files\Oracle\Java\javapath;C:\Windows\system32;C:\Windows;C:\Windows\System32\Wbem;C:\Windows\System32\WindowsPowerShell\v1.0\;C:\Windows\System32\OpenSSH\;C:\Program Files (x86)\NVIDIA Corporation\PhysX\Common;C:\Program Files\Bandizip\;C:\Program Files (x86)\Windows Kits\10\Windows Performance Toolkit\;C:\Program Files\nodejs\;C:\Program Files\Git\cmd;C:\Program Files\Docker\Docker\resources\bin;D:\fintech_김시원\Util\gradle-8.10.2\bin;C:\Users\admin\AppData\Local\Programs\Python\Launcher\;C:\Users\admin\AppData\Local\Microsoft\WindowsApps;C:\Users\admin\AppData\Local\Programs\Microsoft VS Code\bin;C:\Program Files\JetBrains\PyCharm 2024.2\bin;;C:\Program Files\JetBrains\PyCharm Community Edition 2024.2\bin;;C:\Program Files\JetBrains\IntelliJ IDEA Community Edition 2024.2.0.1\bin;;C:\Users\admin\AppData\Roaming\npm;C:\Users\admin\AppData\Local\GitHubDesktop\bin;.]
28-Oct-2024 15:20:18.791 INFO [main] org.apache.coyote.AbstractProtocol.init 프로토콜 핸들러 ["http-nio-3000"]을(를) 초기화합니다.
28-Oct-2024 15:20:18.808 INFO [main] org.apache.catalina.startup.Catalina.load [331] 밀리초 내에 서버가 초기화되었습니다.
28-Oct-2024 15:20:18.861 INFO [main] org.apache.catalina.core.StandardService.startInternal 서비스 [Catalina]을(를) 시작합니다.
28-Oct-2024 15:20:18.861 INFO [main] org.apache.catalina.core.StandardEngine.startInternal 서버 엔진을 시작합니다: [Apache Tomcat/10.1.31]
28-Oct-2024 15:20:18.875 INFO [main] org.apache.catalina.startup.HostConfig.deployDescriptor 배치 descriptor [C:\Users\admin\.SmartTomcat\servlet_jsp\servlet_jsp.main\conf\Catalina\localhost\servlet_jsp.xml]을(를) 배치합니다.
28-Oct-2024 15:20:19.248 INFO [main] org.apache.catalina.startup.HostConfig.deployDescriptor 배치 descriptor [C:\Users\admin\.SmartTomcat\servlet_jsp\servlet_jsp.main\conf\Catalina\localhost\servlet_jsp.xml]의 배치가 [372] 밀리초 내에 완료되었습니다.
28-Oct-2024 15:20:19.252 INFO [main] org.apache.coyote.AbstractProtocol.start 프로토콜 핸들러 ["http-nio-3000"]을(를) 시작합니다.
28-Oct-2024 15:20:19.286 INFO [main] org.apache.catalina.startup.Catalina.start 서버가 [477] 밀리초 내에 시작되었습니다.
28-Oct-2024 15:22:06.311 INFO [Thread-1] org.apache.coyote.AbstractProtocol.pause 프로토콜 핸들러 ["http-nio-3000"]을(를) 일시 정지 중
28-Oct-2024 15:22:06.344 INFO [Thread-1] org.apache.catalina.core.StandardService.stopInternal 서비스 [Catalina]을(를) 중지시킵니다.
28-Oct-2024 15:22:06.354 INFO [Thread-1] org.apache.coyote.AbstractProtocol.stop 프로토콜 핸들러 ["http-nio-3000"]을(를) 중지시킵니다.
28-Oct-2024 15:22:06.357 INFO [Thread-1] org.apache.coyote.AbstractProtocol.destroy 프로토콜 핸들러 ["http-nio-3000"]을(를) 소멸시킵니다.
28-Oct-2024 15:22:08.068 INFO [main] org.apache.catalina.startup.VersionLoggerListener.log 서버 버전 이름:    Apache Tomcat/10.1.31
28-Oct-2024 15:22:08.071 INFO [main] org.apache.catalina.startup.VersionLoggerListener.log Server 빌드 시각:  Oct 3 2024 19:02:38 UTC
28-Oct-2024 15:22:08.071 INFO [main] org.apache.catalina.startup.VersionLoggerListener.log Server 버전 번호:  10.1.31.0
28-Oct-2024 15:22:08.071 INFO [main] org.apache.catalina.startup.VersionLoggerListener.log 운영체제 이름:     Windows 10
28-Oct-2024 15:22:08.071 INFO [main] org.apache.catalina.startup.VersionLoggerListener.log 운영체제 버전:     10.0
28-Oct-2024 15:22:08.071 INFO [main] org.apache.catalina.startup.VersionLoggerListener.log 아키텍처:          amd64
28-Oct-2024 15:22:08.071 INFO [main] org.apache.catalina.startup.VersionLoggerListener.log 자바 홈:           C:\Program Files\Java\jdk-17
28-Oct-2024 15:22:08.071 INFO [main] org.apache.catalina.startup.VersionLoggerListener.log JVM 버전:          17.0.12+8-LTS-286
28-Oct-2024 15:22:08.071 INFO [main] org.apache.catalina.startup.VersionLoggerListener.log JVM 벤더:          Oracle Corporation
28-Oct-2024 15:22:08.071 INFO [main] org.apache.catalina.startup.VersionLoggerListener.log CATALINA_BASE:     C:\Users\admin\.SmartTomcat\servlet_jsp\servlet_jsp.main
28-Oct-2024 15:22:08.072 INFO [main] org.apache.catalina.startup.VersionLoggerListener.log CATALINA_HOME:     D:\fintech_김시원\Util\apache-tomcat-10.1.31
28-Oct-2024 15:22:08.078 INFO [main] org.apache.catalina.startup.VersionLoggerListener.log 명령 행 아규먼트:  --add-opens=java.base/java.lang=ALL-UNNAMED
28-Oct-2024 15:22:08.078 INFO [main] org.apache.catalina.startup.VersionLoggerListener.log 명령 행 아규먼트:  --add-opens=java.base/java.io=ALL-UNNAMED
28-Oct-2024 15:22:08.078 INFO [main] org.apache.catalina.startup.VersionLoggerListener.log 명령 행 아규먼트:  --add-opens=java.base/java.util=ALL-UNNAMED
28-Oct-2024 15:22:08.078 INFO [main] org.apache.catalina.startup.VersionLoggerListener.log 명령 행 아규먼트:  --add-opens=java.base/java.util.concurrent=ALL-UNNAMED
28-Oct-2024 15:22:08.078 INFO [main] org.apache.catalina.startup.VersionLoggerListener.log 명령 행 아규먼트:  --add-opens=java.rmi/sun.rmi.transport=ALL-UNNAMED
28-Oct-2024 15:22:08.078 INFO [main] org.apache.catalina.startup.VersionLoggerListener.log 명령 행 아규먼트:  -Dcatalina.home=D:\fintech_김시원\Util\apache-tomcat-10.1.31
28-Oct-2024 15:22:08.078 INFO [main] org.apache.catalina.startup.VersionLoggerListener.log 명령 행 아규먼트:  -Dcatalina.base=C:\Users\admin\.SmartTomcat\servlet_jsp\servlet_jsp.main
28-Oct-2024 15:22:08.079 INFO [main] org.apache.catalina.startup.VersionLoggerListener.log 명령 행 아규먼트:  -Djava.io.tmpdir=C:\Users\admin\.SmartTomcat\servlet_jsp\servlet_jsp.main\temp
28-Oct-2024 15:22:08.079 INFO [main] org.apache.catalina.startup.VersionLoggerListener.log 명령 행 아규먼트:  -Djava.util.logging.config.file=C:\Users\admin\.SmartTomcat\servlet_jsp\servlet_jsp.main\conf\logging.properties
28-Oct-2024 15:22:08.079 INFO [main] org.apache.catalina.startup.VersionLoggerListener.log 명령 행 아규먼트:  -Djava.util.logging.manager=org.apache.juli.ClassLoaderLogManager
28-Oct-2024 15:22:08.079 INFO [main] org.apache.catalina.startup.VersionLoggerListener.log 명령 행 아규먼트:  -javaagent:C:\Program Files\JetBrains\IntelliJ IDEA Community Edition 2024.2.3\lib\idea_rt.jar=52488:C:\Program Files\JetBrains\IntelliJ IDEA Community Edition 2024.2.3\bin
28-Oct-2024 15:22:08.079 INFO [main] org.apache.catalina.startup.VersionLoggerListener.log 명령 행 아규먼트:  -Dfile.encoding=UTF-8
28-Oct-2024 15:22:08.088 INFO [main] org.apache.catalina.core.AprLifecycleListener.lifecycleEvent 프로덕션 환경들에서 최적의 성능을 제공하는, APR 기반 Apache Tomcat Native 라이브러리가, 다음 java.library.path에서 발견되지 않습니다: [C:\Program Files\Java\jdk-17\bin;C:\Windows\Sun\Java\bin;C:\Windows\system32;C:\Windows;C:\Program Files\Common Files\Oracle\Java\javapath;C:\Windows\system32;C:\Windows;C:\Windows\System32\Wbem;C:\Windows\System32\WindowsPowerShell\v1.0\;C:\Windows\System32\OpenSSH\;C:\Program Files (x86)\NVIDIA Corporation\PhysX\Common;C:\Program Files\Bandizip\;C:\Program Files (x86)\Windows Kits\10\Windows Performance Toolkit\;C:\Program Files\nodejs\;C:\Program Files\Git\cmd;C:\Program Files\Docker\Docker\resources\bin;D:\fintech_김시원\Util\gradle-8.10.2\bin;C:\Users\admin\AppData\Local\Programs\Python\Launcher\;C:\Users\admin\AppData\Local\Microsoft\WindowsApps;C:\Users\admin\AppData\Local\Programs\Microsoft VS Code\bin;C:\Program Files\JetBrains\PyCharm 2024.2\bin;;C:\Program Files\JetBrains\PyCharm Community Edition 2024.2\bin;;C:\Program Files\JetBrains\IntelliJ IDEA Community Edition 2024.2.0.1\bin;;C:\Users\admin\AppData\Roaming\npm;C:\Users\admin\AppData\Local\GitHubDesktop\bin;.]
28-Oct-2024 15:22:08.248 INFO [main] org.apache.coyote.AbstractProtocol.init 프로토콜 핸들러 ["http-nio-3000"]을(를) 초기화합니다.
28-Oct-2024 15:22:08.266 INFO [main] org.apache.catalina.startup.Catalina.load [326] 밀리초 내에 서버가 초기화되었습니다.
28-Oct-2024 15:22:08.315 INFO [main] org.apache.catalina.core.StandardService.startInternal 서비스 [Catalina]을(를) 시작합니다.
28-Oct-2024 15:22:08.315 INFO [main] org.apache.catalina.core.StandardEngine.startInternal 서버 엔진을 시작합니다: [Apache Tomcat/10.1.31]
28-Oct-2024 15:22:08.328 INFO [main] org.apache.catalina.startup.HostConfig.deployDescriptor 배치 descriptor [C:\Users\admin\.SmartTomcat\servlet_jsp\servlet_jsp.main\conf\Catalina\localhost\servlet_jsp.xml]을(를) 배치합니다.
28-Oct-2024 15:22:08.725 INFO [main] org.apache.catalina.startup.HostConfig.deployDescriptor 배치 descriptor [C:\Users\admin\.SmartTomcat\servlet_jsp\servlet_jsp.main\conf\Catalina\localhost\servlet_jsp.xml]의 배치가 [395] 밀리초 내에 완료되었습니다.
28-Oct-2024 15:22:08.729 INFO [main] org.apache.coyote.AbstractProtocol.start 프로토콜 핸들러 ["http-nio-3000"]을(를) 시작합니다.
28-Oct-2024 15:22:08.762 INFO [main] org.apache.catalina.startup.Catalina.start 서버가 [495] 밀리초 내에 시작되었습니다.
28-Oct-2024 17:23:13.385 INFO [Thread-1] org.apache.coyote.AbstractProtocol.pause 프로토콜 핸들러 ["http-nio-3000"]을(를) 일시 정지 중
28-Oct-2024 17:23:13.424 INFO [Thread-1] org.apache.catalina.core.StandardService.stopInternal 서비스 [Catalina]을(를) 중지시킵니다.
28-Oct-2024 17:23:13.453 INFO [Thread-1] org.apache.coyote.AbstractProtocol.stop 프로토콜 핸들러 ["http-nio-3000"]을(를) 중지시킵니다.
28-Oct-2024 17:23:13.461 INFO [Thread-1] org.apache.coyote.AbstractProtocol.destroy 프로토콜 핸들러 ["http-nio-3000"]을(를) 소멸시킵니다.
28-Oct-2024 17:23:15.571 INFO [main] org.apache.catalina.startup.VersionLoggerListener.log 서버 버전 이름:    Apache Tomcat/10.1.31
28-Oct-2024 17:23:15.574 INFO [main] org.apache.catalina.startup.VersionLoggerListener.log Server 빌드 시각:  Oct 3 2024 19:02:38 UTC
28-Oct-2024 17:23:15.574 INFO [main] org.apache.catalina.startup.VersionLoggerListener.log Server 버전 번호:  10.1.31.0
28-Oct-2024 17:23:15.574 INFO [main] org.apache.catalina.startup.VersionLoggerListener.log 운영체제 이름:     Windows 10
28-Oct-2024 17:23:15.574 INFO [main] org.apache.catalina.startup.VersionLoggerListener.log 운영체제 버전:     10.0
28-Oct-2024 17:23:15.574 INFO [main] org.apache.catalina.startup.VersionLoggerListener.log 아키텍처:          amd64
28-Oct-2024 17:23:15.574 INFO [main] org.apache.catalina.startup.VersionLoggerListener.log 자바 홈:           C:\Program Files\Java\jdk-17
28-Oct-2024 17:23:15.574 INFO [main] org.apache.catalina.startup.VersionLoggerListener.log JVM 버전:          17.0.12+8-LTS-286
28-Oct-2024 17:23:15.575 INFO [main] org.apache.catalina.startup.VersionLoggerListener.log JVM 벤더:          Oracle Corporation
28-Oct-2024 17:23:15.575 INFO [main] org.apache.catalina.startup.VersionLoggerListener.log CATALINA_BASE:     C:\Users\admin\.SmartTomcat\servlet_jsp\servlet_jsp.main
28-Oct-2024 17:23:15.575 INFO [main] org.apache.catalina.startup.VersionLoggerListener.log CATALINA_HOME:     D:\fintech_김시원\Util\apache-tomcat-10.1.31
28-Oct-2024 17:23:15.581 INFO [main] org.apache.catalina.startup.VersionLoggerListener.log 명령 행 아규먼트:  --add-opens=java.base/java.lang=ALL-UNNAMED
28-Oct-2024 17:23:15.581 INFO [main] org.apache.catalina.startup.VersionLoggerListener.log 명령 행 아규먼트:  --add-opens=java.base/java.io=ALL-UNNAMED
28-Oct-2024 17:23:15.581 INFO [main] org.apache.catalina.startup.VersionLoggerListener.log 명령 행 아규먼트:  --add-opens=java.base/java.util=ALL-UNNAMED
28-Oct-2024 17:23:15.582 INFO [main] org.apache.catalina.startup.VersionLoggerListener.log 명령 행 아규먼트:  --add-opens=java.base/java.util.concurrent=ALL-UNNAMED
28-Oct-2024 17:23:15.582 INFO [main] org.apache.catalina.startup.VersionLoggerListener.log 명령 행 아규먼트:  --add-opens=java.rmi/sun.rmi.transport=ALL-UNNAMED
28-Oct-2024 17:23:15.582 INFO [main] org.apache.catalina.startup.VersionLoggerListener.log 명령 행 아규먼트:  -Dcatalina.home=D:\fintech_김시원\Util\apache-tomcat-10.1.31
28-Oct-2024 17:23:15.582 INFO [main] org.apache.catalina.startup.VersionLoggerListener.log 명령 행 아규먼트:  -Dcatalina.base=C:\Users\admin\.SmartTomcat\servlet_jsp\servlet_jsp.main
28-Oct-2024 17:23:15.582 INFO [main] org.apache.catalina.startup.VersionLoggerListener.log 명령 행 아규먼트:  -Djava.io.tmpdir=C:\Users\admin\.SmartTomcat\servlet_jsp\servlet_jsp.main\temp
28-Oct-2024 17:23:15.582 INFO [main] org.apache.catalina.startup.VersionLoggerListener.log 명령 행 아규먼트:  -Djava.util.logging.config.file=C:\Users\admin\.SmartTomcat\servlet_jsp\servlet_jsp.main\conf\logging.properties
28-Oct-2024 17:23:15.582 INFO [main] org.apache.catalina.startup.VersionLoggerListener.log 명령 행 아규먼트:  -Djava.util.logging.manager=org.apache.juli.ClassLoaderLogManager
28-Oct-2024 17:23:15.582 INFO [main] org.apache.catalina.startup.VersionLoggerListener.log 명령 행 아규먼트:  -javaagent:C:\Program Files\JetBrains\IntelliJ IDEA Community Edition 2024.2.3\lib\idea_rt.jar=53405:C:\Program Files\JetBrains\IntelliJ IDEA Community Edition 2024.2.3\bin
28-Oct-2024 17:23:15.582 INFO [main] org.apache.catalina.startup.VersionLoggerListener.log 명령 행 아규먼트:  -Dfile.encoding=UTF-8
28-Oct-2024 17:23:15.594 INFO [main] org.apache.catalina.core.AprLifecycleListener.lifecycleEvent 프로덕션 환경들에서 최적의 성능을 제공하는, APR 기반 Apache Tomcat Native 라이브러리가, 다음 java.library.path에서 발견되지 않습니다: [C:\Program Files\Java\jdk-17\bin;C:\Windows\Sun\Java\bin;C:\Windows\system32;C:\Windows;C:\Program Files\Common Files\Oracle\Java\javapath;C:\Windows\system32;C:\Windows;C:\Windows\System32\Wbem;C:\Windows\System32\WindowsPowerShell\v1.0\;C:\Windows\System32\OpenSSH\;C:\Program Files (x86)\NVIDIA Corporation\PhysX\Common;C:\Program Files\Bandizip\;C:\Program Files (x86)\Windows Kits\10\Windows Performance Toolkit\;C:\Program Files\nodejs\;C:\Program Files\Git\cmd;C:\Program Files\Docker\Docker\resources\bin;D:\fintech_김시원\Util\gradle-8.10.2\bin;C:\Users\admin\AppData\Local\Programs\Python\Launcher\;C:\Users\admin\AppData\Local\Microsoft\WindowsApps;C:\Users\admin\AppData\Local\Programs\Microsoft VS Code\bin;C:\Program Files\JetBrains\PyCharm 2024.2\bin;;C:\Program Files\JetBrains\PyCharm Community Edition 2024.2\bin;;C:\Program Files\JetBrains\IntelliJ IDEA Community Edition 2024.2.0.1\bin;;C:\Users\admin\AppData\Roaming\npm;C:\Users\admin\AppData\Local\GitHubDesktop\bin;.]
28-Oct-2024 17:23:15.778 INFO [main] org.apache.coyote.AbstractProtocol.init 프로토콜 핸들러 ["http-nio-3000"]을(를) 초기화합니다.
28-Oct-2024 17:23:15.803 INFO [main] org.apache.catalina.startup.Catalina.load [387] 밀리초 내에 서버가 초기화되었습니다.
28-Oct-2024 17:23:15.881 INFO [main] org.apache.catalina.core.StandardService.startInternal 서비스 [Catalina]을(를) 시작합니다.
28-Oct-2024 17:23:15.881 INFO [main] org.apache.catalina.core.StandardEngine.startInternal 서버 엔진을 시작합니다: [Apache Tomcat/10.1.31]
28-Oct-2024 17:23:15.895 INFO [main] org.apache.catalina.startup.HostConfig.deployDescriptor 배치 descriptor [C:\Users\admin\.SmartTomcat\servlet_jsp\servlet_jsp.main\conf\Catalina\localhost\servlet_jsp.xml]을(를) 배치합니다.
28-Oct-2024 17:23:16.300 INFO [main] org.apache.catalina.startup.HostConfig.deployDescriptor 배치 descriptor [C:\Users\admin\.SmartTomcat\servlet_jsp\servlet_jsp.main\conf\Catalina\localhost\servlet_jsp.xml]의 배치가 [403] 밀리초 내에 완료되었습니다.
28-Oct-2024 17:23:16.305 INFO [main] org.apache.coyote.AbstractProtocol.start 프로토콜 핸들러 ["http-nio-3000"]을(를) 시작합니다.
28-Oct-2024 17:23:16.342 INFO [main] org.apache.catalina.startup.Catalina.start 서버가 [538] 밀리초 내에 시작되었습니다.
28-Oct-2024 17:28:36.006 INFO [Thread-1] org.apache.coyote.AbstractProtocol.pause 프로토콜 핸들러 ["http-nio-3000"]을(를) 일시 정지 중
28-Oct-2024 17:28:36.038 INFO [Thread-1] org.apache.catalina.core.StandardService.stopInternal 서비스 [Catalina]을(를) 중지시킵니다.
28-Oct-2024 17:28:36.045 INFO [Thread-1] org.apache.coyote.AbstractProtocol.stop 프로토콜 핸들러 ["http-nio-3000"]을(를) 중지시킵니다.
28-Oct-2024 17:28:36.050 INFO [Thread-1] org.apache.coyote.AbstractProtocol.destroy 프로토콜 핸들러 ["http-nio-3000"]을(를) 소멸시킵니다.
28-Oct-2024 17:28:37.780 INFO [main] org.apache.catalina.startup.VersionLoggerListener.log 서버 버전 이름:    Apache Tomcat/10.1.31
28-Oct-2024 17:28:37.782 INFO [main] org.apache.catalina.startup.VersionLoggerListener.log Server 빌드 시각:  Oct 3 2024 19:02:38 UTC
28-Oct-2024 17:28:37.782 INFO [main] org.apache.catalina.startup.VersionLoggerListener.log Server 버전 번호:  10.1.31.0
28-Oct-2024 17:28:37.782 INFO [main] org.apache.catalina.startup.VersionLoggerListener.log 운영체제 이름:     Windows 10
28-Oct-2024 17:28:37.782 INFO [main] org.apache.catalina.startup.VersionLoggerListener.log 운영체제 버전:     10.0
28-Oct-2024 17:28:37.782 INFO [main] org.apache.catalina.startup.VersionLoggerListener.log 아키텍처:          amd64
28-Oct-2024 17:28:37.782 INFO [main] org.apache.catalina.startup.VersionLoggerListener.log 자바 홈:           C:\Program Files\Java\jdk-17
28-Oct-2024 17:28:37.782 INFO [main] org.apache.catalina.startup.VersionLoggerListener.log JVM 버전:          17.0.12+8-LTS-286
28-Oct-2024 17:28:37.783 INFO [main] org.apache.catalina.startup.VersionLoggerListener.log JVM 벤더:          Oracle Corporation
28-Oct-2024 17:28:37.783 INFO [main] org.apache.catalina.startup.VersionLoggerListener.log CATALINA_BASE:     C:\Users\admin\.SmartTomcat\servlet_jsp\servlet_jsp.main
28-Oct-2024 17:28:37.783 INFO [main] org.apache.catalina.startup.VersionLoggerListener.log CATALINA_HOME:     D:\fintech_김시원\Util\apache-tomcat-10.1.31
28-Oct-2024 17:28:37.790 INFO [main] org.apache.catalina.startup.VersionLoggerListener.log 명령 행 아규먼트:  --add-opens=java.base/java.lang=ALL-UNNAMED
28-Oct-2024 17:28:37.790 INFO [main] org.apache.catalina.startup.VersionLoggerListener.log 명령 행 아규먼트:  --add-opens=java.base/java.io=ALL-UNNAMED
28-Oct-2024 17:28:37.790 INFO [main] org.apache.catalina.startup.VersionLoggerListener.log 명령 행 아규먼트:  --add-opens=java.base/java.util=ALL-UNNAMED
28-Oct-2024 17:28:37.791 INFO [main] org.apache.catalina.startup.VersionLoggerListener.log 명령 행 아규먼트:  --add-opens=java.base/java.util.concurrent=ALL-UNNAMED
28-Oct-2024 17:28:37.791 INFO [main] org.apache.catalina.startup.VersionLoggerListener.log 명령 행 아규먼트:  --add-opens=java.rmi/sun.rmi.transport=ALL-UNNAMED
28-Oct-2024 17:28:37.791 INFO [main] org.apache.catalina.startup.VersionLoggerListener.log 명령 행 아규먼트:  -Dcatalina.home=D:\fintech_김시원\Util\apache-tomcat-10.1.31
28-Oct-2024 17:28:37.791 INFO [main] org.apache.catalina.startup.VersionLoggerListener.log 명령 행 아규먼트:  -Dcatalina.base=C:\Users\admin\.SmartTomcat\servlet_jsp\servlet_jsp.main
28-Oct-2024 17:28:37.791 INFO [main] org.apache.catalina.startup.VersionLoggerListener.log 명령 행 아규먼트:  -Djava.io.tmpdir=C:\Users\admin\.SmartTomcat\servlet_jsp\servlet_jsp.main\temp
28-Oct-2024 17:28:37.792 INFO [main] org.apache.catalina.startup.VersionLoggerListener.log 명령 행 아규먼트:  -Djava.util.logging.config.file=C:\Users\admin\.SmartTomcat\servlet_jsp\servlet_jsp.main\conf\logging.properties
28-Oct-2024 17:28:37.792 INFO [main] org.apache.catalina.startup.VersionLoggerListener.log 명령 행 아규먼트:  -Djava.util.logging.manager=org.apache.juli.ClassLoaderLogManager
28-Oct-2024 17:28:37.792 INFO [main] org.apache.catalina.startup.VersionLoggerListener.log 명령 행 아규먼트:  -javaagent:C:\Program Files\JetBrains\IntelliJ IDEA Community Edition 2024.2.3\lib\idea_rt.jar=53472:C:\Program Files\JetBrains\IntelliJ IDEA Community Edition 2024.2.3\bin
28-Oct-2024 17:28:37.792 INFO [main] org.apache.catalina.startup.VersionLoggerListener.log 명령 행 아규먼트:  -Dfile.encoding=UTF-8
28-Oct-2024 17:28:37.801 INFO [main] org.apache.catalina.core.AprLifecycleListener.lifecycleEvent 프로덕션 환경들에서 최적의 성능을 제공하는, APR 기반 Apache Tomcat Native 라이브러리가, 다음 java.library.path에서 발견되지 않습니다: [C:\Program Files\Java\jdk-17\bin;C:\Windows\Sun\Java\bin;C:\Windows\system32;C:\Windows;C:\Program Files\Common Files\Oracle\Java\javapath;C:\Windows\system32;C:\Windows;C:\Windows\System32\Wbem;C:\Windows\System32\WindowsPowerShell\v1.0\;C:\Windows\System32\OpenSSH\;C:\Program Files (x86)\NVIDIA Corporation\PhysX\Common;C:\Program Files\Bandizip\;C:\Program Files (x86)\Windows Kits\10\Windows Performance Toolkit\;C:\Program Files\nodejs\;C:\Program Files\Git\cmd;C:\Program Files\Docker\Docker\resources\bin;D:\fintech_김시원\Util\gradle-8.10.2\bin;C:\Users\admin\AppData\Local\Programs\Python\Launcher\;C:\Users\admin\AppData\Local\Microsoft\WindowsApps;C:\Users\admin\AppData\Local\Programs\Microsoft VS Code\bin;C:\Program Files\JetBrains\PyCharm 2024.2\bin;;C:\Program Files\JetBrains\PyCharm Community Edition 2024.2\bin;;C:\Program Files\JetBrains\IntelliJ IDEA Community Edition 2024.2.0.1\bin;;C:\Users\admin\AppData\Roaming\npm;C:\Users\admin\AppData\Local\GitHubDesktop\bin;.]
28-Oct-2024 17:28:37.973 INFO [main] org.apache.coyote.AbstractProtocol.init 프로토콜 핸들러 ["http-nio-3000"]을(를) 초기화합니다.
28-Oct-2024 17:28:37.989 INFO [main] org.apache.catalina.startup.Catalina.load [343] 밀리초 내에 서버가 초기화되었습니다.
28-Oct-2024 17:28:38.039 INFO [main] org.apache.catalina.core.StandardService.startInternal 서비스 [Catalina]을(를) 시작합니다.
28-Oct-2024 17:28:38.039 INFO [main] org.apache.catalina.core.StandardEngine.startInternal 서버 엔진을 시작합니다: [Apache Tomcat/10.1.31]
28-Oct-2024 17:28:38.052 INFO [main] org.apache.catalina.startup.HostConfig.deployDescriptor 배치 descriptor [C:\Users\admin\.SmartTomcat\servlet_jsp\servlet_jsp.main\conf\Catalina\localhost\servlet_jsp.xml]을(를) 배치합니다.
28-Oct-2024 17:28:38.412 INFO [main] org.apache.catalina.startup.HostConfig.deployDescriptor 배치 descriptor [C:\Users\admin\.SmartTomcat\servlet_jsp\servlet_jsp.main\conf\Catalina\localhost\servlet_jsp.xml]의 배치가 [360] 밀리초 내에 완료되었습니다.
28-Oct-2024 17:28:38.416 INFO [main] org.apache.coyote.AbstractProtocol.start 프로토콜 핸들러 ["http-nio-3000"]을(를) 시작합니다.
28-Oct-2024 17:28:38.448 INFO [main] org.apache.catalina.startup.Catalina.start 서버가 [458] 밀리초 내에 시작되었습니다.
28-Oct-2024 17:30:44.901 INFO [Thread-1] org.apache.coyote.AbstractProtocol.pause 프로토콜 핸들러 ["http-nio-3000"]을(를) 일시 정지 중
28-Oct-2024 17:30:44.935 INFO [Thread-1] org.apache.catalina.core.StandardService.stopInternal 서비스 [Catalina]을(를) 중지시킵니다.
28-Oct-2024 17:30:44.943 INFO [Thread-1] org.apache.coyote.AbstractProtocol.stop 프로토콜 핸들러 ["http-nio-3000"]을(를) 중지시킵니다.
28-Oct-2024 17:30:44.946 INFO [Thread-1] org.apache.coyote.AbstractProtocol.destroy 프로토콜 핸들러 ["http-nio-3000"]을(를) 소멸시킵니다.
